Log file open, 04/13/20 15:25:32
LogWindows: Failed to load 'aqProf.dll' (GetLastError=126)
LogWindows: File 'aqProf.dll' does not exist
LogWindows: Failed to load 'VtuneApi.dll' (GetLastError=126)
LogWindows: File 'VtuneApi.dll' does not exist
LogWindows: Failed to load 'VtuneApi32e.dll' (GetLastError=126)
LogWindows: File 'VtuneApi32e.dll' does not exist
LogConsoleResponse: Display: Failed to find resolution value strings in scalability ini. Falling back to default.
LogInit: Display: Running engine for game: Alley
LogPakFile: Registered encryption key '00000000000000000000000000000000': 0 pak files mounted, 0 remain pending
LogPlatformFile: Not using cached read wrapper
LogTaskGraph: Started task graph with 5 named threads and 17 total threads with 3 sets of task threads.
LogStats: Stats thread started at 0.297624
LogD3D11RHI: Loaded GFSDK_Aftermath_Lib.x64.dll
LogICUInternationalization: ICU TimeZone Detection - Raw Offset: -5:00, Platform Override: ''
LogPluginManager: Mounting plugin Paper2D
LogPluginManager: Mounting plugin AISupport
LogPluginManager: Mounting plugin LightPropagationVolume
LogPluginManager: Mounting plugin ActorLayerUtilities
LogPluginManager: Mounting plugin AnimationSharing
LogPluginManager: Mounting plugin CLionSourceCodeAccess
LogPluginManager: Mounting plugin CodeLiteSourceCodeAccess
LogPluginManager: Mounting plugin GitSourceControl
LogPluginManager: Mounting plugin KDevelopSourceCodeAccess
LogPluginManager: Mounting plugin NullSourceCodeAccess
LogPluginManager: Mounting plugin PerforceSourceControl
LogPluginManager: Mounting plugin SubversionSourceControl
LogPluginManager: Mounting plugin UObjectPlugin
LogPluginManager: Mounting plugin VisualStudioCodeSourceCodeAccess
LogPluginManager: Mounting plugin VisualStudioSourceCodeAccess
LogPluginManager: Mounting plugin XCodeSourceCodeAccess
LogPluginManager: Mounting plugin AssetManagerEditor
LogPluginManager: Mounting plugin CryptoKeys
LogPluginManager: Mounting plugin DataValidation
LogPluginManager: Mounting plugin FacialAnimation
LogPluginManager: Mounting plugin GameplayTagsEditor
LogPluginManager: Mounting plugin MacGraphicsSwitching
LogPluginManager: Mounting plugin MaterialAnalyzer
LogPluginManager: Mounting plugin MobileLauncherProfileWizard
LogPluginManager: Mounting plugin PluginBrowser
LogPluginManager: Mounting plugin SpeedTreeImporter
LogPluginManager: Mounting plugin DatasmithContent
LogPluginManager: Mounting plugin VariantManagerContent
LogPluginManager: Mounting plugin AlembicImporter
LogPluginManager: Mounting plugin AppleImageUtils
LogPluginManager: Mounting plugin AppleVision
LogPluginManager: Mounting plugin BackChannel
LogPluginManager: Mounting plugin CharacterAI
LogPluginManager: Mounting plugin GeometryCache
LogPluginManager: Mounting plugin HTML5Networking
LogPluginManager: Mounting plugin ProxyLODPlugin
LogPluginManager: Mounting plugin SkeletalReduction
LogPluginManager: Mounting plugin MagicLeap
LogPluginManager: Mounting plugin MagicLeapMedia
LogPluginManager: Mounting plugin AndroidMedia
LogPluginManager: Mounting plugin AvfMedia
LogPluginManager: Mounting plugin ImgMedia
LogPluginManager: Mounting plugin LinearTimecode
LogPluginManager: Mounting plugin MediaCompositing
LogPluginManager: Mounting plugin MediaPlayerEditor
LogPluginManager: Mounting plugin WebMMedia
LogPluginManager: Mounting plugin WmfMedia
LogPluginManager: Mounting plugin TcpMessaging
LogPluginManager: Mounting plugin UdpMessaging
LogPluginManager: Mounting plugin ActorSequence
LogPluginManager: Mounting plugin LevelSequenceEditor
LogPluginManager: Mounting plugin MatineeToLevelSequence
LogPluginManager: Mounting plugin NetcodeUnitTest
LogPluginManager: Mounting plugin NUTUnrealEngine4
LogPluginManager: Mounting plugin OnlineSubsystemGooglePlay
LogPluginManager: Mounting plugin OnlineSubsystemIOS
LogPluginManager: Mounting plugin OnlineSubsystem
LogPluginManager: Mounting plugin OnlineSubsystemNull
LogPluginManager: Mounting plugin OnlineSubsystemUtils
LogPluginManager: Mounting plugin LauncherChunkInstaller
LogPluginManager: Mounting plugin AndroidDeviceProfileSelector
LogPluginManager: Mounting plugin AndroidMoviePlayer
LogPluginManager: Mounting plugin AndroidPermission
LogPluginManager: Mounting plugin AppleMoviePlayer
LogPluginManager: Mounting plugin ArchVisCharacter
LogPluginManager: Mounting plugin AudioCapture
LogPluginManager: Mounting plugin CableComponent
LogPluginManager: Mounting plugin CustomMeshComponent
LogPluginManager: Mounting plugin EditableMesh
LogPluginManager: Mounting plugin ExampleDeviceProfileSelector
LogPluginManager: Mounting plugin Firebase
LogPluginManager: Mounting plugin GoogleCloudMessaging
LogPluginManager: Mounting plugin IOSDeviceProfileSelector
LogPluginManager: Mounting plugin LinuxDeviceProfileSelector
LogPluginManager: Mounting plugin LocationServicesBPLibrary
LogPluginManager: Mounting plugin MobilePatchingUtils
LogPluginManager: Mounting plugin OculusVR
LogPluginManager: Mounting plugin PhysXVehicles
LogPluginManager: Mounting plugin ProceduralMeshComponent
LogPluginManager: Mounting plugin RuntimePhysXCooking
LogPluginManager: Mounting plugin SignificanceManager
LogPluginManager: Mounting plugin SteamVR
LogPluginManager: Mounting plugin WebMMoviePlayer
LogPluginManager: Mounting plugin WindowsMoviePlayer
LogInit: Using libcurl 7.55.1-DEV
LogInit:  - built for x86_64-pc-win32
LogInit:  - supports SSL with OpenSSL/1.1.1
LogInit:  - supports HTTP deflate (compression) using libz 1.2.8
LogInit:  - other features:
LogInit:      CURL_VERSION_SSL
LogInit:      CURL_VERSION_LIBZ
LogInit:      CURL_VERSION_IPV6
LogInit:      CURL_VERSION_ASYNCHDNS
LogInit:      CURL_VERSION_LARGEFILE
LogInit:      CURL_VERSION_IDN
LogInit:  CurlRequestOptions (configurable via config and command line):
LogInit:  - bVerifyPeer = true  - Libcurl will verify peer certificate
LogInit:  - bUseHttpProxy = false  - Libcurl will NOT use HTTP proxy
LogInit:  - bDontReuseConnections = false  - Libcurl will reuse connections
LogInit:  - MaxHostConnections = 16  - Libcurl will limit the number of connections to a host
LogInit:  - LocalHostAddr = Default
LogInit:  - BufferSize = 65536
LogInit: WinSock: version 1.1 (2.2), MaxSocks=32767, MaxUdp=65467
LogInit: Build: ++UE4+Release-4.22-CL-7053642
LogInit: Engine Version: 4.22.3-7053642+++UE4+Release-4.22
LogInit: Compatible Engine Version: 4.22.0-5660361+++UE4+Release-4.22
LogInit: Net CL: 5660361
LogInit: OS: Windows 10 (Release 1809) (), CPU: AMD FX(tm)-6300 Six-Core Processor             , GPU: AMD Radeon (TM) R9 380 Series
LogInit: Compiled (64-bit): Jun 18 2019 03:09:11
LogInit: Compiled with Visual C++: 19.16.27025.01
LogInit: Build Configuration: Development
LogInit: Branch Name: ++UE4+Release-4.22
LogInit: Command Line: 
LogInit: Base Directory: C:/Program Files/Epic Games/UE_4.22/Engine/Binaries/Win64/
LogInit: Installed Engine Build: 1
LogDevObjectVersion: Number of dev versions registered: 23
LogDevObjectVersion:   Dev-Blueprints (B0D832E4-1F89-4F0D-ACCF-7EB736FD4AA2): 10
LogDevObjectVersion:   Dev-Build (E1C64328-A22C-4D53-A36C-8E866417BD8C): 0
LogDevObjectVersion:   Dev-Core (375EC13C-06E4-48FB-B500-84F0262A717E): 3
LogDevObjectVersion:   Dev-Editor (E4B068ED-F494-42E9-A231-DA0B2E46BB41): 30
LogDevObjectVersion:   Dev-Framework (CFFC743F-43B0-4480-9391-14DF171D2073): 35
LogDevObjectVersion:   Dev-Mobile (B02B49B5-BB20-44E9-A304-32B752E40360): 2
LogDevObjectVersion:   Dev-Networking (A4E4105C-59A1-49B5-A7C5-40C4547EDFEE): 0
LogDevObjectVersion:   Dev-Online (39C831C9-5AE6-47DC-9A44-9C173E1C8E7C): 0
LogDevObjectVersion:   Dev-Physics (78F01B33-EBEA-4F98-B9B4-84EACCB95AA2): 0
LogDevObjectVersion:   Dev-Platform (6631380F-2D4D-43E0-8009-CF276956A95A): 0
LogDevObjectVersion:   Dev-Rendering (12F88B9F-8875-4AFC-A67C-D90C383ABD29): 28
LogDevObjectVersion:   Dev-Sequencer (7B5AE74C-D270-4C10-A958-57980B212A5A): 11
LogDevObjectVersion:   Dev-VR (D7296918-1DD6-4BDD-9DE2-64A83CC13884): 2
LogDevObjectVersion:   Dev-LoadTimes (C2A15278-BFE7-4AFE-6C17-90FF531DF755): 1
LogDevObjectVersion:   Private-Geometry (6EACA3D4-40EC-4CC1-B786-8BED09428FC5): 3
LogDevObjectVersion:   Dev-AnimPhys (29E575DD-E0A3-4627-9D10-D276232CDCEA): 17
LogDevObjectVersion:   Dev-Anim (AF43A65D-7FD3-4947-9873-3E8ED9C1BB05): 2
LogDevObjectVersion:   Dev-ReflectionCapture (6B266CEC-1EC7-4B8F-A30B-E4D90942FC07): 1
LogDevObjectVersion:   Dev-Automation (0DF73D61-A23F-47EA-B727-89E90C41499A): 1
LogDevObjectVersion:   FortniteMain (601D1886-AC64-4F84-AA16-D3DE0DEAC7D6): 25
LogDevObjectVersion:   Dev-Enterprise (9DFFBCD6-494F-0158-E221-12823C92A888): 6
LogDevObjectVersion:   Dev-Niagara (F2AED0AC-9AFE-416F-8664-AA7FFA26D6FC): 1
LogDevObjectVersion:   Dev-Destruction (174F1F0B-B4C6-45A5-B13F-2EE8D0FB917D): 2
LogInit: Presizing for max 16777216 objects, including 0 objects not considered by GC, pre-allocating 0 bytes for permanent pool.
LogInit: Object subsystem initialized
LogConfig: Setting CVar [[con.DebugEarlyDefault:1]]
LogConfig: Setting CVar [[r.setres:1280x720]]
[2020.04.13-19.25.33:684][  0]LogConfig: Setting CVar [[r.VSync:0]]
[2020.04.13-19.25.33:684][  0]LogConfig: Setting CVar [[r.RHICmdBypass:0]]
[2020.04.13-19.25.33:684][  0]LogConfig: Applying CVar settings from Section [/Script/Engine.RendererSettings] File [C:/Users/Julio Cadet Richard/Desktop/THE_ALLEY/Alley/Saved/Config/Windows/Engine.ini]
[2020.04.13-19.25.33:684][  0]LogConfig: Setting CVar [[r.GPUCrashDebugging:0]]
[2020.04.13-19.25.33:684][  0]LogConfig: Applying CVar settings from Section [/Script/Engine.RendererOverrideSettings] File [C:/Users/Julio Cadet Richard/Desktop/THE_ALLEY/Alley/Saved/Config/Windows/Engine.ini]
[2020.04.13-19.25.33:684][  0]LogConfig: Applying CVar settings from Section [/Script/Engine.StreamingSettings] File [C:/Users/Julio Cadet Richard/Desktop/THE_ALLEY/Alley/Saved/Config/Windows/Engine.ini]
[2020.04.13-19.25.33:684][  0]LogConfig: Setting CVar [[s.MinBulkDataSizeForAsyncLoading:131072]]
[2020.04.13-19.25.33:684][  0]LogConfig: Setting CVar [[s.AsyncLoadingThreadEnabled:0]]
[2020.04.13-19.25.33:684][  0]LogConfig: Setting CVar [[s.EventDrivenLoaderEnabled:1]]
[2020.04.13-19.25.33:684][  0]LogConfig: Setting CVar [[s.WarnIfTimeLimitExceeded:0]]
[2020.04.13-19.25.33:684][  0]LogConfig: Setting CVar [[s.TimeLimitExceededMultiplier:1.5]]
[2020.04.13-19.25.33:684][  0]LogConfig: Setting CVar [[s.TimeLimitExceededMinTime:0.005]]
[2020.04.13-19.25.33:684][  0]LogConfig: Setting CVar [[s.UseBackgroundLevelStreaming:1]]
[2020.04.13-19.25.33:684][  0]LogConfig: Setting CVar [[s.PriorityAsyncLoadingExtraTime:15.0]]
[2020.04.13-19.25.33:684][  0]LogConfig: Setting CVar [[s.LevelStreamingActorsUpdateTimeLimit:5.0]]
[2020.04.13-19.25.33:684][  0]LogConfig: Setting CVar [[s.PriorityLevelStreamingActorsUpdateExtraTime:5.0]]
[2020.04.13-19.25.33:684][  0]LogConfig: Setting CVar [[s.LevelStreamingComponentsRegistrationGranularity:10]]
[2020.04.13-19.25.33:684][  0]LogConfig: Setting CVar [[s.UnregisterComponentsTimeLimit:1.0]]
[2020.04.13-19.25.33:684][  0]LogConfig: Setting CVar [[s.LevelStreamingComponentsUnregistrationGranularity:5]]
[2020.04.13-19.25.33:684][  0]LogConfig: Applying CVar settings from Section [/Script/Engine.GarbageCollectionSettings] File [C:/Users/Julio Cadet Richard/Desktop/THE_ALLEY/Alley/Saved/Config/Windows/Engine.ini]
[2020.04.13-19.25.33:684][  0]LogConfig: Setting CVar [[gc.MaxObjectsNotConsideredByGC:1]]
[2020.04.13-19.25.33:684][  0]LogConfig: Setting CVar [[gc.SizeOfPermanentObjectPool:0]]
[2020.04.13-19.25.33:684][  0]LogConfig: Setting CVar [[gc.FlushStreamingOnGC:0]]
[2020.04.13-19.25.33:684][  0]LogConfig: Setting CVar [[gc.NumRetriesBeforeForcingGC:10]]
[2020.04.13-19.25.33:684][  0]LogConfig: Setting CVar [[gc.AllowParallelGC:1]]
[2020.04.13-19.25.33:684][  0]LogConfig: Setting CVar [[gc.TimeBetweenPurgingPendingKillObjects:61.1]]
[2020.04.13-19.25.33:684][  0]LogConfig: Setting CVar [[gc.MaxObjectsInEditor:16777216]]
[2020.04.13-19.25.33:684][  0]LogConfig: Setting CVar [[gc.IncrementalBeginDestroyEnabled:1]]
[2020.04.13-19.25.33:684][  0]LogConfig: Setting CVar [[gc.CreateGCClusters:1]]
[2020.04.13-19.25.33:684][  0]LogConfig: Setting CVar [[gc.MinGCClusterSize:5]]
[2020.04.13-19.25.33:684][  0]LogConfig: Setting CVar [[gc.ActorClusteringEnabled:0]]
[2020.04.13-19.25.33:684][  0]LogConfig: Setting CVar [[gc.BlueprintClusteringEnabled:0]]
[2020.04.13-19.25.33:684][  0]LogConfig: Setting CVar [[gc.UseDisregardForGCOnDedicatedServers:0]]
[2020.04.13-19.25.33:685][  0]LogConfig: Applying CVar settings from Section [/Script/Engine.NetworkSettings] File [C:/Users/Julio Cadet Richard/Desktop/THE_ALLEY/Alley/Saved/Config/Windows/Engine.ini]
[2020.04.13-19.25.33:685][  0]LogConfig: Applying CVar settings from Section [/Script/UnrealEd.CookerSettings] File [C:/Users/Julio Cadet Richard/Desktop/THE_ALLEY/Alley/Saved/Config/Windows/Engine.ini]
[2020.04.13-19.25.33:704][  0]LogConfig: Applying CVar settings from Section [ViewDistanceQuality@3] File [C:/Users/Julio Cadet Richard/Desktop/THE_ALLEY/Alley/Saved/Config/Windows/Scalability.ini]
[2020.04.13-19.25.33:705][  0]LogConfig: Setting CVar [[r.SkeletalMeshLODBias:0]]
[2020.04.13-19.25.33:705][  0]LogConfig: Setting CVar [[r.ViewDistanceScale:1.0]]
[2020.04.13-19.25.33:705][  0]LogConfig: Applying CVar settings from Section [AntiAliasingQuality@3] File [C:/Users/Julio Cadet Richard/Desktop/THE_ALLEY/Alley/Saved/Config/Windows/Scalability.ini]
[2020.04.13-19.25.33:705][  0]LogConfig: Setting CVar [[r.PostProcessAAQuality:4]]
[2020.04.13-19.25.33:705][  0]LogConfig: Applying CVar settings from Section [ShadowQuality@3] File [C:/Users/Julio Cadet Richard/Desktop/THE_ALLEY/Alley/Saved/Config/Windows/Scalability.ini]
[2020.04.13-19.25.33:705][  0]LogConfig: Setting CVar [[r.LightFunctionQuality:1]]
[2020.04.13-19.25.33:705][  0]LogConfig: Setting CVar [[r.ShadowQuality:5]]
[2020.04.13-19.25.33:705][  0]LogConfig: Setting CVar [[r.Shadow.CSM.MaxCascades:10]]
[2020.04.13-19.25.33:705][  0]LogConfig: Setting CVar [[r.Shadow.MaxResolution:2048]]
[2020.04.13-19.25.33:705][  0]LogConfig: Setting CVar [[r.Shadow.MaxCSMResolution:2048]]
[2020.04.13-19.25.33:705][  0]LogConfig: Setting CVar [[r.Shadow.RadiusThreshold:0.01]]
[2020.04.13-19.25.33:705][  0]LogConfig: Setting CVar [[r.Shadow.DistanceScale:1.0]]
[2020.04.13-19.25.33:705][  0]LogConfig: Setting CVar [[r.Shadow.CSM.TransitionScale:1.0]]
[2020.04.13-19.25.33:705][  0]LogConfig: Setting CVar [[r.Shadow.PreShadowResolutionFactor:1.0]]
[2020.04.13-19.25.33:705][  0]LogConfig: Setting CVar [[r.DistanceFieldShadowing:1]]
[2020.04.13-19.25.33:705][  0]LogConfig: Setting CVar [[r.DistanceFieldAO:1]]
[2020.04.13-19.25.33:705][  0]LogConfig: Setting CVar [[r.AOQuality:2]]
[2020.04.13-19.25.33:705][  0]LogConfig: Setting CVar [[r.VolumetricFog:1]]
[2020.04.13-19.25.33:705][  0]LogConfig: Setting CVar [[r.VolumetricFog.GridPixelSize:8]]
[2020.04.13-19.25.33:705][  0]LogConfig: Setting CVar [[r.VolumetricFog.GridSizeZ:128]]
[2020.04.13-19.25.33:705][  0]LogConfig: Setting CVar [[r.VolumetricFog.HistoryMissSupersampleCount:4]]
[2020.04.13-19.25.33:705][  0]LogConfig: Setting CVar [[r.LightMaxDrawDistanceScale:1]]
[2020.04.13-19.25.33:705][  0]LogConfig: Setting CVar [[r.CapsuleShadows:1]]
[2020.04.13-19.25.33:705][  0]LogConfig: Applying CVar settings from Section [PostProcessQuality@3] File [C:/Users/Julio Cadet Richard/Desktop/THE_ALLEY/Alley/Saved/Config/Windows/Scalability.ini]
[2020.04.13-19.25.33:705][  0]LogConfig: Setting CVar [[r.MotionBlurQuality:4]]
[2020.04.13-19.25.33:705][  0]LogConfig: Setting CVar [[r.AmbientOcclusionMipLevelFactor:0.4]]
[2020.04.13-19.25.33:705][  0]LogConfig: Setting CVar [[r.AmbientOcclusionMaxQuality:100]]
[2020.04.13-19.25.33:705][  0]LogConfig: Setting CVar [[r.AmbientOcclusionLevels:-1]]
[2020.04.13-19.25.33:705][  0]LogConfig: Setting CVar [[r.AmbientOcclusionRadiusScale:1.0]]
[2020.04.13-19.25.33:705][  0]LogConfig: Setting CVar [[r.DepthOfFieldQuality:2]]
[2020.04.13-19.25.33:705][  0]LogConfig: Setting CVar [[r.RenderTargetPoolMin:400]]
[2020.04.13-19.25.33:705][  0]LogConfig: Setting CVar [[r.LensFlareQuality:2]]
[2020.04.13-19.25.33:705][  0]LogConfig: Setting CVar [[r.SceneColorFringeQuality:1]]
[2020.04.13-19.25.33:705][  0]LogConfig: Setting CVar [[r.EyeAdaptationQuality:2]]
[2020.04.13-19.25.33:705][  0]LogConfig: Setting CVar [[r.BloomQuality:5]]
[2020.04.13-19.25.33:705][  0]LogConfig: Setting CVar [[r.FastBlurThreshold:100]]
[2020.04.13-19.25.33:705][  0]LogConfig: Setting CVar [[r.Upscale.Quality:3]]
[2020.04.13-19.25.33:706][  0]LogConfig: Setting CVar [[r.Tonemapper.GrainQuantization:1]]
[2020.04.13-19.25.33:706][  0]LogConfig: Setting CVar [[r.LightShaftQuality:1]]
[2020.04.13-19.25.33:706][  0]LogConfig: Setting CVar [[r.Filter.SizeScale:1]]
[2020.04.13-19.25.33:706][  0]LogConfig: Setting CVar [[r.Tonemapper.Quality:5]]
[2020.04.13-19.25.33:706][  0]LogConfig: Setting CVar [[r.DOF.Gather.AccumulatorQuality:1        ; higher gathering accumulator quality]]
[2020.04.13-19.25.33:706][  0]LogConfig: Setting CVar [[r.DOF.Gather.PostfilterMethod:1          ; Median3x3 postfilering method]]
[2020.04.13-19.25.33:706][  0]LogConfig: Setting CVar [[r.DOF.Gather.EnableBokehSettings:0       ; no bokeh simulation when gathering]]
[2020.04.13-19.25.33:706][  0]LogConfig: Setting CVar [[r.DOF.Gather.RingCount:4                 ; medium number of samples when gathering]]
[2020.04.13-19.25.33:706][  0]LogConfig: Setting CVar [[r.DOF.Scatter.ForegroundCompositing:1    ; additive foreground scattering]]
[2020.04.13-19.25.33:706][  0]LogConfig: Setting CVar [[r.DOF.Scatter.BackgroundCompositing:2    ; additive background scattering]]
[2020.04.13-19.25.33:706][  0]LogConfig: Setting CVar [[r.DOF.Scatter.EnableBokehSettings:1      ; bokeh simulation when scattering]]
[2020.04.13-19.25.33:706][  0]LogConfig: Setting CVar [[r.DOF.Scatter.MaxSpriteRatio:0.1         ; only a maximum of 10% of scattered bokeh]]
[2020.04.13-19.25.33:706][  0]LogConfig: Setting CVar [[r.DOF.Recombine.Quality:1                ; cheap slight out of focus]]
[2020.04.13-19.25.33:706][  0]LogConfig: Setting CVar [[r.DOF.Recombine.EnableBokehSettings:0    ; no bokeh simulation on slight out of focus]]
[2020.04.13-19.25.33:706][  0]LogConfig: Setting CVar [[r.DOF.TemporalAAQuality:1                ; more stable temporal accumulation]]
[2020.04.13-19.25.33:706][  0]LogConfig: Setting CVar [[r.DOF.Kernel.MaxForegroundRadius:0.025]]
[2020.04.13-19.25.33:706][  0]LogConfig: Setting CVar [[r.DOF.Kernel.MaxBackgroundRadius:0.025]]
[2020.04.13-19.25.33:706][  0]LogConfig: Applying CVar settings from Section [TextureQuality@3] File [C:/Users/Julio Cadet Richard/Desktop/THE_ALLEY/Alley/Saved/Config/Windows/Scalability.ini]
[2020.04.13-19.25.33:706][  0]LogConfig: Setting CVar [[r.Streaming.MipBias:0]]
[2020.04.13-19.25.33:706][  0]LogConfig: Setting CVar [[r.Streaming.AmortizeCPUToGPUCopy:0]]
[2020.04.13-19.25.33:706][  0]LogConfig: Setting CVar [[r.Streaming.MaxNumTexturesToStreamPerFrame:0]]
[2020.04.13-19.25.33:706][  0]LogConfig: Setting CVar [[r.Streaming.Boost:1]]
[2020.04.13-19.25.33:706][  0]LogConfig: Setting CVar [[r.MaxAnisotropy:8]]
[2020.04.13-19.25.33:706][  0]LogConfig: Setting CVar [[r.Streaming.LimitPoolSizeToVRAM:0]]
[2020.04.13-19.25.33:706][  0]LogConfig: Setting CVar [[r.Streaming.PoolSize:1000]]
[2020.04.13-19.25.33:706][  0]LogConfig: Setting CVar [[r.Streaming.MaxEffectiveScreenSize:0]]
[2020.04.13-19.25.33:706][  0]LogConfig: Applying CVar settings from Section [EffectsQuality@3] File [C:/Users/Julio Cadet Richard/Desktop/THE_ALLEY/Alley/Saved/Config/Windows/Scalability.ini]
[2020.04.13-19.25.33:706][  0]LogConfig: Setting CVar [[r.TranslucencyLightingVolumeDim:64]]
[2020.04.13-19.25.33:706][  0]LogConfig: Setting CVar [[r.RefractionQuality:2]]
[2020.04.13-19.25.33:706][  0]LogConfig: Setting CVar [[r.SSR.Quality:3]]
[2020.04.13-19.25.33:706][  0]LogConfig: Setting CVar [[r.SceneColorFormat:4]]
[2020.04.13-19.25.33:706][  0]LogConfig: Setting CVar [[r.DetailMode:2]]
[2020.04.13-19.25.33:706][  0]LogConfig: Setting CVar [[r.TranslucencyVolumeBlur:1]]
[2020.04.13-19.25.33:706][  0]LogConfig: Setting CVar [[r.MaterialQualityLevel:1 ; High quality]]
[2020.04.13-19.25.33:706][  0]LogConfig: Setting CVar [[r.SSS.Scale:1]]
[2020.04.13-19.25.33:706][  0]LogConfig: Setting CVar [[r.SSS.SampleSet:2]]
[2020.04.13-19.25.33:706][  0]LogConfig: Setting CVar [[r.SSS.Quality:1]]
[2020.04.13-19.25.33:706][  0]LogConfig: Setting CVar [[r.SSS.HalfRes:1]]
[2020.04.13-19.25.33:706][  0]LogConfig: Setting CVar [[r.EmitterSpawnRateScale:1.0]]
[2020.04.13-19.25.33:707][  0]LogConfig: Setting CVar [[r.ParticleLightQuality:2]]
[2020.04.13-19.25.33:707][  0]LogConfig: Applying CVar settings from Section [FoliageQuality@3] File [C:/Users/Julio Cadet Richard/Desktop/THE_ALLEY/Alley/Saved/Config/Windows/Scalability.ini]
[2020.04.13-19.25.33:707][  0]LogConfig: Setting CVar [[foliage.DensityScale:1.0]]
[2020.04.13-19.25.33:707][  0]LogConfig: Setting CVar [[grass.DensityScale:1.0]]
[2020.04.13-19.25.33:707][  0]LogInit: Selected Device Profile: [Windows]
[2020.04.13-19.25.33:707][  0]LogInit: Applying CVar settings loaded from the selected device profile: [Windows]
[2020.04.13-19.25.33:733][  0]LogHAL: Display: Platform has ~ 24 GB [25750458368 / 34359738368 / 24], which maps to Larger [LargestMinGB=32, LargerMinGB=12, DefaultMinGB=8, SmallerMinGB=6, SmallestMinGB=0)
[2020.04.13-19.25.33:734][  0]LogConfig: Setting CVar [[r.Vulkan.UseRealUBs:0		; Required until we fix HLR fall-out]]
[2020.04.13-19.25.33:734][  0]LogInit: Going up to parent DeviceProfile []
[2020.04.13-19.25.33:734][  0]LogConfig: Applying CVar settings from Section [ViewDistanceQuality@3] File [C:/Users/Julio Cadet Richard/Desktop/THE_ALLEY/Alley/Saved/Config/Windows/Scalability.ini]
[2020.04.13-19.25.33:734][  0]LogConfig: Setting CVar [[r.SkeletalMeshLODBias:0]]
[2020.04.13-19.25.33:734][  0]LogConfig: Setting CVar [[r.ViewDistanceScale:1.0]]
[2020.04.13-19.25.33:734][  0]LogConfig: Applying CVar settings from Section [AntiAliasingQuality@3] File [C:/Users/Julio Cadet Richard/Desktop/THE_ALLEY/Alley/Saved/Config/Windows/Scalability.ini]
[2020.04.13-19.25.33:734][  0]LogConfig: Setting CVar [[r.PostProcessAAQuality:4]]
[2020.04.13-19.25.33:734][  0]LogConfig: Applying CVar settings from Section [ShadowQuality@3] File [C:/Users/Julio Cadet Richard/Desktop/THE_ALLEY/Alley/Saved/Config/Windows/Scalability.ini]
[2020.04.13-19.25.33:734][  0]LogConfig: Setting CVar [[r.LightFunctionQuality:1]]
[2020.04.13-19.25.33:734][  0]LogConfig: Setting CVar [[r.ShadowQuality:5]]
[2020.04.13-19.25.33:734][  0]LogConfig: Setting CVar [[r.Shadow.CSM.MaxCascades:10]]
[2020.04.13-19.25.33:734][  0]LogConfig: Setting CVar [[r.Shadow.MaxResolution:2048]]
[2020.04.13-19.25.33:734][  0]LogConfig: Setting CVar [[r.Shadow.MaxCSMResolution:2048]]
[2020.04.13-19.25.33:734][  0]LogConfig: Setting CVar [[r.Shadow.RadiusThreshold:0.01]]
[2020.04.13-19.25.33:734][  0]LogConfig: Setting CVar [[r.Shadow.DistanceScale:1.0]]
[2020.04.13-19.25.33:734][  0]LogConfig: Setting CVar [[r.Shadow.CSM.TransitionScale:1.0]]
[2020.04.13-19.25.33:734][  0]LogConfig: Setting CVar [[r.Shadow.PreShadowResolutionFactor:1.0]]
[2020.04.13-19.25.33:734][  0]LogConfig: Setting CVar [[r.DistanceFieldShadowing:1]]
[2020.04.13-19.25.33:734][  0]LogConfig: Setting CVar [[r.DistanceFieldAO:1]]
[2020.04.13-19.25.33:734][  0]LogConfig: Setting CVar [[r.AOQuality:2]]
[2020.04.13-19.25.33:734][  0]LogConfig: Setting CVar [[r.VolumetricFog:1]]
[2020.04.13-19.25.33:734][  0]LogConfig: Setting CVar [[r.VolumetricFog.GridPixelSize:8]]
[2020.04.13-19.25.33:734][  0]LogConfig: Setting CVar [[r.VolumetricFog.GridSizeZ:128]]
[2020.04.13-19.25.33:734][  0]LogConfig: Setting CVar [[r.VolumetricFog.HistoryMissSupersampleCount:4]]
[2020.04.13-19.25.33:734][  0]LogConfig: Setting CVar [[r.LightMaxDrawDistanceScale:1]]
[2020.04.13-19.25.33:734][  0]LogConfig: Setting CVar [[r.CapsuleShadows:1]]
[2020.04.13-19.25.33:734][  0]LogConfig: Applying CVar settings from Section [PostProcessQuality@3] File [C:/Users/Julio Cadet Richard/Desktop/THE_ALLEY/Alley/Saved/Config/Windows/Scalability.ini]
[2020.04.13-19.25.33:734][  0]LogConfig: Setting CVar [[r.MotionBlurQuality:4]]
[2020.04.13-19.25.33:734][  0]LogConfig: Setting CVar [[r.AmbientOcclusionMipLevelFactor:0.4]]
[2020.04.13-19.25.33:734][  0]LogConfig: Setting CVar [[r.AmbientOcclusionMaxQuality:100]]
[2020.04.13-19.25.33:734][  0]LogConfig: Setting CVar [[r.AmbientOcclusionLevels:-1]]
[2020.04.13-19.25.33:734][  0]LogConfig: Setting CVar [[r.AmbientOcclusionRadiusScale:1.0]]
[2020.04.13-19.25.33:734][  0]LogConfig: Setting CVar [[r.DepthOfFieldQuality:2]]
[2020.04.13-19.25.33:734][  0]LogConfig: Setting CVar [[r.RenderTargetPoolMin:400]]
[2020.04.13-19.25.33:734][  0]LogConfig: Setting CVar [[r.LensFlareQuality:2]]
[2020.04.13-19.25.33:734][  0]LogConfig: Setting CVar [[r.SceneColorFringeQuality:1]]
[2020.04.13-19.25.33:734][  0]LogConfig: Setting CVar [[r.EyeAdaptationQuality:2]]
[2020.04.13-19.25.33:735][  0]LogConfig: Setting CVar [[r.BloomQuality:5]]
[2020.04.13-19.25.33:735][  0]LogConfig: Setting CVar [[r.FastBlurThreshold:100]]
[2020.04.13-19.25.33:735][  0]LogConfig: Setting CVar [[r.Upscale.Quality:3]]
[2020.04.13-19.25.33:735][  0]LogConfig: Setting CVar [[r.Tonemapper.GrainQuantization:1]]
[2020.04.13-19.25.33:735][  0]LogConfig: Setting CVar [[r.LightShaftQuality:1]]
[2020.04.13-19.25.33:735][  0]LogConfig: Setting CVar [[r.Filter.SizeScale:1]]
[2020.04.13-19.25.33:735][  0]LogConfig: Setting CVar [[r.Tonemapper.Quality:5]]
[2020.04.13-19.25.33:735][  0]LogConfig: Setting CVar [[r.DOF.Gather.AccumulatorQuality:1        ; higher gathering accumulator quality]]
[2020.04.13-19.25.33:735][  0]LogConfig: Setting CVar [[r.DOF.Gather.PostfilterMethod:1          ; Median3x3 postfilering method]]
[2020.04.13-19.25.33:735][  0]LogConfig: Setting CVar [[r.DOF.Gather.EnableBokehSettings:0       ; no bokeh simulation when gathering]]
[2020.04.13-19.25.33:735][  0]LogConfig: Setting CVar [[r.DOF.Gather.RingCount:4                 ; medium number of samples when gathering]]
[2020.04.13-19.25.33:735][  0]LogConfig: Setting CVar [[r.DOF.Scatter.ForegroundCompositing:1    ; additive foreground scattering]]
[2020.04.13-19.25.33:735][  0]LogConfig: Setting CVar [[r.DOF.Scatter.BackgroundCompositing:2    ; additive background scattering]]
[2020.04.13-19.25.33:735][  0]LogConfig: Setting CVar [[r.DOF.Scatter.EnableBokehSettings:1      ; bokeh simulation when scattering]]
[2020.04.13-19.25.33:735][  0]LogConfig: Setting CVar [[r.DOF.Scatter.MaxSpriteRatio:0.1         ; only a maximum of 10% of scattered bokeh]]
[2020.04.13-19.25.33:735][  0]LogConfig: Setting CVar [[r.DOF.Recombine.Quality:1                ; cheap slight out of focus]]
[2020.04.13-19.25.33:735][  0]LogConfig: Setting CVar [[r.DOF.Recombine.EnableBokehSettings:0    ; no bokeh simulation on slight out of focus]]
[2020.04.13-19.25.33:735][  0]LogConfig: Setting CVar [[r.DOF.TemporalAAQuality:1                ; more stable temporal accumulation]]
[2020.04.13-19.25.33:735][  0]LogConfig: Setting CVar [[r.DOF.Kernel.MaxForegroundRadius:0.025]]
[2020.04.13-19.25.33:735][  0]LogConfig: Setting CVar [[r.DOF.Kernel.MaxBackgroundRadius:0.025]]
[2020.04.13-19.25.33:735][  0]LogConfig: Applying CVar settings from Section [TextureQuality@3] File [C:/Users/Julio Cadet Richard/Desktop/THE_ALLEY/Alley/Saved/Config/Windows/Scalability.ini]
[2020.04.13-19.25.33:735][  0]LogConfig: Setting CVar [[r.Streaming.MipBias:0]]
[2020.04.13-19.25.33:735][  0]LogConfig: Setting CVar [[r.Streaming.AmortizeCPUToGPUCopy:0]]
[2020.04.13-19.25.33:735][  0]LogConfig: Setting CVar [[r.Streaming.MaxNumTexturesToStreamPerFrame:0]]
[2020.04.13-19.25.33:735][  0]LogConfig: Setting CVar [[r.Streaming.Boost:1]]
[2020.04.13-19.25.33:735][  0]LogConfig: Setting CVar [[r.MaxAnisotropy:8]]
[2020.04.13-19.25.33:735][  0]LogConfig: Setting CVar [[r.Streaming.LimitPoolSizeToVRAM:0]]
[2020.04.13-19.25.33:735][  0]LogConfig: Setting CVar [[r.Streaming.PoolSize:1000]]
[2020.04.13-19.25.33:735][  0]LogConfig: Setting CVar [[r.Streaming.MaxEffectiveScreenSize:0]]
[2020.04.13-19.25.33:735][  0]LogConfig: Applying CVar settings from Section [EffectsQuality@3] File [C:/Users/Julio Cadet Richard/Desktop/THE_ALLEY/Alley/Saved/Config/Windows/Scalability.ini]
[2020.04.13-19.25.33:735][  0]LogConfig: Setting CVar [[r.TranslucencyLightingVolumeDim:64]]
[2020.04.13-19.25.33:735][  0]LogConfig: Setting CVar [[r.RefractionQuality:2]]
[2020.04.13-19.25.33:735][  0]LogConfig: Setting CVar [[r.SSR.Quality:3]]
[2020.04.13-19.25.33:735][  0]LogConfig: Setting CVar [[r.SceneColorFormat:4]]
[2020.04.13-19.25.33:735][  0]LogConfig: Setting CVar [[r.DetailMode:2]]
[2020.04.13-19.25.33:735][  0]LogConfig: Setting CVar [[r.TranslucencyVolumeBlur:1]]
[2020.04.13-19.25.33:735][  0]LogConfig: Setting CVar [[r.MaterialQualityLevel:1 ; High quality]]
[2020.04.13-19.25.33:736][  0]LogConfig: Setting CVar [[r.SSS.Scale:1]]
[2020.04.13-19.25.33:736][  0]LogConfig: Setting CVar [[r.SSS.SampleSet:2]]
[2020.04.13-19.25.33:736][  0]LogConfig: Setting CVar [[r.SSS.Quality:1]]
[2020.04.13-19.25.33:736][  0]LogConfig: Setting CVar [[r.SSS.HalfRes:1]]
[2020.04.13-19.25.33:736][  0]LogConfig: Setting CVar [[r.EmitterSpawnRateScale:1.0]]
[2020.04.13-19.25.33:736][  0]LogConfig: Setting CVar [[r.ParticleLightQuality:2]]
[2020.04.13-19.25.33:736][  0]LogConfig: Applying CVar settings from Section [FoliageQuality@3] File [C:/Users/Julio Cadet Richard/Desktop/THE_ALLEY/Alley/Saved/Config/Windows/Scalability.ini]
[2020.04.13-19.25.33:736][  0]LogConfig: Setting CVar [[foliage.DensityScale:1.0]]
[2020.04.13-19.25.33:736][  0]LogConfig: Setting CVar [[grass.DensityScale:1.0]]
[2020.04.13-19.25.33:736][  0]LogConfig: Applying CVar settings from Section [Startup] File [../../../Engine/Config/ConsoleVariables.ini]
[2020.04.13-19.25.33:737][  0]LogConfig: Setting CVar [[net.UseAdaptiveNetUpdateFrequency:0]]
[2020.04.13-19.25.33:737][  0]LogConfig: Setting CVar [[p.chaos.AllowCreatePhysxBodies:1]]
[2020.04.13-19.25.33:737][  0]LogConfig: Applying CVar settings from Section [ConsoleVariables] File [C:/Users/Julio Cadet Richard/Desktop/THE_ALLEY/Alley/Saved/Config/Windows/Engine.ini]
[2020.04.13-19.25.33:737][  0]LogInit: Computer: DESKTOP-H23NU2N
[2020.04.13-19.25.33:737][  0]LogInit: User: JulioCadetRichard
[2020.04.13-19.25.33:737][  0]LogInit: CPU Page size=4096, Cores=3
[2020.04.13-19.25.33:737][  0]LogInit: High frequency timer resolution =14.318180 MHz
[2020.04.13-19.25.33:737][  0]LogMemory: Memory total: Physical=24.0GB (24GB approx)
[2020.04.13-19.25.33:737][  0]LogMemory: Platform Memory Stats for Windows
[2020.04.13-19.25.33:737][  0]LogMemory: Process Physical Memory: 97.72 MB used, 97.73 MB peak
[2020.04.13-19.25.33:737][  0]LogMemory: Process Virtual Memory: 86.05 MB used, 86.05 MB peak
[2020.04.13-19.25.33:737][  0]LogMemory: Physical Memory: 11747.21 MB used,  12810.34 MB free, 24557.55 MB total
[2020.04.13-19.25.33:737][  0]LogMemory: Virtual Memory: 4645.04 MB used,  134213080.00 MB free, 134217728.00 MB total
[2020.04.13-19.25.33:802][  0]LogInit: Using OS detected language (fr-CA).
[2020.04.13-19.25.33:802][  0]LogInit: Using OS detected locale (fr-CA).
[2020.04.13-19.25.33:807][  0]LogTextLocalizationManager: No specific localization for 'fr-CA' exists, so the 'fr' localization will be used.
[2020.04.13-19.25.33:808][  0]LogTextLocalizationResource: LocRes '../../../Engine/Content/Localization/Editor/fr/Editor.locres' could not be opened for reading!
[2020.04.13-19.25.33:808][  0]LogTextLocalizationResource: LocRes '../../../Engine/Content/Localization/EditorTutorials/fr/EditorTutorials.locres' could not be opened for reading!
[2020.04.13-19.25.33:809][  0]LogTextLocalizationResource: LocRes '../../../Engine/Content/Localization/Keywords/fr/Keywords.locres' could not be opened for reading!
[2020.04.13-19.25.33:810][  0]LogTextLocalizationResource: LocRes '../../../Engine/Content/Localization/Category/fr/Category.locres' could not be opened for reading!
[2020.04.13-19.25.33:811][  0]LogTextLocalizationResource: LocRes '../../../Engine/Content/Localization/ToolTips/fr/ToolTips.locres' could not be opened for reading!
[2020.04.13-19.25.33:812][  0]LogTextLocalizationResource: LocRes '../../../Engine/Content/Localization/PropertyNames/fr/PropertyNames.locres' could not be opened for reading!
[2020.04.13-19.25.33:812][  0]LogTextLocalizationResource: LocRes '../../../Engine/Content/Localization/Engine/fr/Engine.locres' could not be opened for reading!
[2020.04.13-19.25.33:816][  0]LogInit: Setting process to per monitor DPI aware
[2020.04.13-19.25.33:943][  0]LogSlate: New Slate User Created.  User Index 0, Is Virtual User: 0
[2020.04.13-19.25.33:943][  0]LogSlate: Slate User Registered.  User Index 0, Is Virtual User: 0
[2020.04.13-19.25.34:730][  0]LogHMD: Failed to initialize OpenVR with code 110
[2020.04.13-19.25.34:730][  0]LogD3D11RHI: D3D11 adapters:
[2020.04.13-19.25.34:935][  0]LogD3D11RHI:    0. 'AMD Radeon (TM) R9 380 Series' (Feature Level 11_0)
[2020.04.13-19.25.34:935][  0]LogD3D11RHI:       4071/0/12278 MB DedicatedVideo/DedicatedSystem/SharedSystem, Outputs:2, VendorId:0x1002
[2020.04.13-19.25.34:941][  0]LogD3D11RHI:    1. 'Microsoft Basic Render Driver' (Feature Level 11_0)
[2020.04.13-19.25.34:941][  0]LogD3D11RHI:       0/0/12278 MB DedicatedVideo/DedicatedSystem/SharedSystem, Outputs:0, VendorId:0x1414
[2020.04.13-19.25.34:941][  0]LogD3D11RHI: Chosen D3D11 Adapter: 0
[2020.04.13-19.25.34:962][  0]LogD3D11RHI: Creating new Direct3DDevice
[2020.04.13-19.25.34:962][  0]LogD3D11RHI:     GPU DeviceId: 0x6938 (for the marketing name, search the web for "GPU Device Id")
[2020.04.13-19.25.34:962][  0]LogWindows: EnumDisplayDevices:
[2020.04.13-19.25.34:963][  0]LogWindows:    0. 'AMD Radeon (TM) R9 380 Series' (P:1 D:1)
[2020.04.13-19.25.34:966][  0]LogWindows:    1. 'AMD Radeon (TM) R9 380 Series' (P:0 D:1)
[2020.04.13-19.25.34:969][  0]LogWindows:    2. 'AMD Radeon (TM) R9 380 Series' (P:0 D:0)
[2020.04.13-19.25.34:972][  0]LogWindows:    3. 'AMD Radeon (TM) R9 380 Series' (P:0 D:0)
[2020.04.13-19.25.34:975][  0]LogWindows:    4. 'AMD Radeon (TM) R9 380 Series' (P:0 D:0)
[2020.04.13-19.25.34:979][  0]LogWindows:    5. 'AMD Radeon (TM) R9 380 Series' (P:0 D:0)
[2020.04.13-19.25.34:982][  0]LogWindows:    6. 'AMD Radeon (TM) R9 380 Series' (P:0 D:0)
[2020.04.13-19.25.34:985][  0]LogWindows:    7. 'AMD Radeon (TM) R9 380 Series' (P:0 D:0)
[2020.04.13-19.25.34:988][  0]LogWindows: DebugString: FoundDriverCount:8 
[2020.04.13-19.25.34:988][  0]LogD3D11RHI:     Adapter Name: AMD Radeon (TM) R9 380 Series
[2020.04.13-19.25.34:988][  0]LogD3D11RHI:   Driver Version: Adrenalin 2020 20.4.1 (internal:26.20.15029.20013, unified:26.20.15029.20013)
[2020.04.13-19.25.34:988][  0]LogD3D11RHI:      Driver Date: 4-1-2020
[2020.04.13-19.25.34:988][  0]LogRHI: Texture pool is 2849 MB (70% of 4071 MB)
[2020.04.13-19.25.35:201][  0]LogD3D11RHI: Async texture creation enabled
[2020.04.13-19.25.35:208][  0]LogRendererCore: FGlobalReadBuffer::InitRHI
[2020.04.13-19.25.35:209][  0]LogRendererCore: FGlobalReadBuffer::InitRHI
[2020.04.13-19.25.35:209][  0]LogRendererCore: FGlobalReadBuffer::InitRHI
[2020.04.13-19.25.35:217][  0]LogD3D11RHI: GPU Timing Frequency: 27.000000 (Debug: 2 1)
[2020.04.13-19.25.36:065][  0]LogTemp: Display: Module 'AllDesktopTargetPlatform' loaded TargetPlatform 'AllDesktop'
[2020.04.13-19.25.36:095][  0]LogTemp: Display: Module 'MacClientTargetPlatform' loaded TargetPlatform 'MacClient'
[2020.04.13-19.25.36:131][  0]LogTemp: Display: Module 'MacNoEditorTargetPlatform' loaded TargetPlatform 'MacNoEditor'
[2020.04.13-19.25.36:164][  0]LogTemp: Display: Module 'MacServerTargetPlatform' loaded TargetPlatform 'MacServer'
[2020.04.13-19.25.36:198][  0]LogTemp: Display: Module 'MacTargetPlatform' loaded TargetPlatform 'Mac'
[2020.04.13-19.25.36:235][  0]LogTemp: Display: Module 'WindowsClientTargetPlatform' loaded TargetPlatform 'WindowsClient'
[2020.04.13-19.25.36:275][  0]LogTemp: Display: Module 'WindowsNoEditorTargetPlatform' loaded TargetPlatform 'WindowsNoEditor'
[2020.04.13-19.25.36:311][  0]LogTemp: Display: Module 'WindowsServerTargetPlatform' loaded TargetPlatform 'WindowsServer'
[2020.04.13-19.25.36:330][  0]LogTemp: Display: Module 'WindowsTargetPlatform' loaded TargetPlatform 'Windows'
[2020.04.13-19.25.36:522][  0]LogTemp: Display: Module 'AndroidTargetPlatform' loaded TargetPlatform 'Android'
[2020.04.13-19.25.36:522][  0]LogTemp: Display: Module 'AndroidTargetPlatform' loaded TargetPlatform 'Android_ASTC'
[2020.04.13-19.25.36:522][  0]LogTemp: Display: Module 'AndroidTargetPlatform' loaded TargetPlatform 'Android_ATC'
[2020.04.13-19.25.36:522][  0]LogTemp: Display: Module 'AndroidTargetPlatform' loaded TargetPlatform 'Android_DXT'
[2020.04.13-19.25.36:522][  0]LogTemp: Display: Module 'AndroidTargetPlatform' loaded TargetPlatform 'Android_ETC1'
[2020.04.13-19.25.36:522][  0]LogTemp: Display: Module 'AndroidTargetPlatform' loaded TargetPlatform 'Android_ETC1a'
[2020.04.13-19.25.36:522][  0]LogTemp: Display: Module 'AndroidTargetPlatform' loaded TargetPlatform 'Android_ETC2'
[2020.04.13-19.25.36:522][  0]LogTemp: Display: Module 'AndroidTargetPlatform' loaded TargetPlatform 'Android_PVRTC'
[2020.04.13-19.25.36:522][  0]LogTemp: Display: Module 'AndroidTargetPlatform' loaded TargetPlatform 'AndroidClient'
[2020.04.13-19.25.36:522][  0]LogTemp: Display: Module 'AndroidTargetPlatform' loaded TargetPlatform 'Android_ASTCClient'
[2020.04.13-19.25.36:522][  0]LogTemp: Display: Module 'AndroidTargetPlatform' loaded TargetPlatform 'Android_ATCClient'
[2020.04.13-19.25.36:522][  0]LogTemp: Display: Module 'AndroidTargetPlatform' loaded TargetPlatform 'Android_DXTClient'
[2020.04.13-19.25.36:522][  0]LogTemp: Display: Module 'AndroidTargetPlatform' loaded TargetPlatform 'Android_ETC1Client'
[2020.04.13-19.25.36:522][  0]LogTemp: Display: Module 'AndroidTargetPlatform' loaded TargetPlatform 'Android_ETC1aClient'
[2020.04.13-19.25.36:522][  0]LogTemp: Display: Module 'AndroidTargetPlatform' loaded TargetPlatform 'Android_ETC2Client'
[2020.04.13-19.25.36:522][  0]LogTemp: Display: Module 'AndroidTargetPlatform' loaded TargetPlatform 'Android_PVRTCClient'
[2020.04.13-19.25.36:522][  0]LogTemp: Display: Module 'AndroidTargetPlatform' loaded TargetPlatform 'Android_Multi'
[2020.04.13-19.25.36:522][  0]LogTemp: Display: Module 'AndroidTargetPlatform' loaded TargetPlatform 'Android_MultiClient'
[2020.04.13-19.25.36:531][  0]LogTemp: Display: Module 'HTML5TargetPlatform' loaded TargetPlatform 'HTML5'
[2020.04.13-19.25.36:628][  0]LogTemp: Display: Module 'IOSTargetPlatform' loaded TargetPlatform 'IOSClient'
[2020.04.13-19.25.36:628][  0]LogTemp: Display: Module 'IOSTargetPlatform' loaded TargetPlatform 'IOS'
[2020.04.13-19.25.36:690][  0]LogTemp: Display: Module 'TVOSTargetPlatform' loaded TargetPlatform 'TVOSClient'
[2020.04.13-19.25.36:690][  0]LogTemp: Display: Module 'TVOSTargetPlatform' loaded TargetPlatform 'TVOS'
[2020.04.13-19.25.36:725][  0]LogTemp: Display: Module 'LinuxClientTargetPlatform' loaded TargetPlatform 'LinuxClient'
[2020.04.13-19.25.36:760][  0]LogTemp: Display: Module 'LinuxNoEditorTargetPlatform' loaded TargetPlatform 'LinuxNoEditor'
[2020.04.13-19.25.36:799][  0]LogTemp: Display: Module 'LinuxServerTargetPlatform' loaded TargetPlatform 'LinuxServer'
[2020.04.13-19.25.36:838][  0]LogTemp: Display: Module 'LinuxTargetPlatform' loaded TargetPlatform 'Linux'
[2020.04.13-19.25.36:964][  0]LogTemp: Display: Module 'LuminTargetPlatform' loaded TargetPlatform 'Lumin'
[2020.04.13-19.25.36:964][  0]LogTemp: Display: Module 'LuminTargetPlatform' loaded TargetPlatform 'LuminClient'
[2020.04.13-19.25.36:965][  0]LogTargetPlatformManager: Display: Building Assets For Windows
[2020.04.13-19.25.36:990][  0]LogAudioDebug: Display: Lib vorbis DLL was dynamically loaded.
[2020.04.13-19.25.37:147][  0]LogShaderCompilers: Guid format shader working directory is -8 characters bigger than the processId version (../../../../../../Users/Julio Cadet Richard/Desktop/THE_ALLEY/Alley/Intermediate/Shaders/WorkingDirectory/29568/).
[2020.04.13-19.25.37:148][  0]LogShaderCompilers: Cleaned the shader compiler working directory 'C:/Users/Julio Cadet Richard/AppData/Local/Temp/UnrealShaderWorkingDir/6410AE1047E72FC62F3B5FA0207D92D2/'.
[2020.04.13-19.25.37:154][  0]LogXGEController: Cannot use XGE Controller as Incredibuild is not installed on this machine.
[2020.04.13-19.25.37:154][  0]LogShaderCompilers: Cannot use XGE Shader Compiler as Incredibuild is not installed on this machine.
[2020.04.13-19.25.37:154][  0]LogShaderCompilers: Display: Using Local Shader Compiler.
[2020.04.13-19.25.38:383][  0]LogDerivedDataCache: Display: Max Cache Size: 512 MB
[2020.04.13-19.25.38:461][  0]LogDerivedDataCache: Loaded boot cache 0.08s 71MB C:/Users/Julio Cadet Richard/AppData/Local/UnrealEngine/4.22/DerivedDataCache/Boot.ddc.
[2020.04.13-19.25.38:461][  0]LogDerivedDataCache: Display: Loaded Boot cache: C:/Users/Julio Cadet Richard/AppData/Local/UnrealEngine/4.22/DerivedDataCache/Boot.ddc
[2020.04.13-19.25.38:461][  0]LogDerivedDataCache: FDerivedDataBackendGraph:  Pak pak cache file ../../../../../../Users/Julio Cadet Richard/Desktop/THE_ALLEY/Alley/DerivedDataCache/DDC.ddp not found, will not use a pak cache.
[2020.04.13-19.25.38:462][  0]LogDerivedDataCache: Unable to find inner node Pak for hierarchical cache Hierarchy.
[2020.04.13-19.25.38:462][  0]LogDerivedDataCache: FDerivedDataBackendGraph:  CompressedPak pak cache file ../../../../../../Users/Julio Cadet Richard/Desktop/THE_ALLEY/Alley/DerivedDataCache/Compressed.ddp not found, will not use a pak cache.
[2020.04.13-19.25.38:462][  0]LogDerivedDataCache: Unable to find inner node CompressedPak for hierarchical cache Hierarchy.
[2020.04.13-19.25.38:479][  0]LogDerivedDataCache: Display: Pak cache opened for reading ../../../Engine/DerivedDataCache/Compressed.ddp.
[2020.04.13-19.25.38:479][  0]LogDerivedDataCache: FDerivedDataBackendGraph:  EnterprisePak pak cache file ../../../Enterprise/DerivedDataCache/Compressed.ddp not found, will not use a pak cache.
[2020.04.13-19.25.38:479][  0]LogDerivedDataCache: Unable to find inner node EnterprisePak for hierarchical cache Hierarchy.
[2020.04.13-19.25.38:493][  0]LogDerivedDataCache: Using Local data cache path C:/Users/Julio Cadet Richard/AppData/Local/UnrealEngine/Common/DerivedDataCache: Writable
[2020.04.13-19.25.38:493][  0]LogDerivedDataCache: Shared data cache path not found in *engine.ini, will not use an Shared cache.
[2020.04.13-19.25.38:493][  0]LogDerivedDataCache: Unable to find inner node Shared for hierarchical cache Hierarchy.
[2020.04.13-19.25.38:538][  0]LogMaterial: Verifying Global Shaders for PCD3D_SM5
[2020.04.13-19.25.38:539][  0]LogSlate: Using FreeType 2.6.0
[2020.04.13-19.25.38:541][  0]LogSlate: SlateFontServices - WITH_FREETYPE: 1, WITH_HARFBUZZ: 1
[2020.04.13-19.25.38:734][  0]LogAssetRegistry: FAssetRegistry took 0.0479 seconds to start up
[2020.04.13-19.25.39:640][  0]LogInit: Selected Device Profile: [Windows]
[2020.04.13-19.25.39:928][  0]LogMeshReduction: Using QuadricMeshReduction for automatic static mesh reduction
[2020.04.13-19.25.39:928][  0]LogMeshReduction: Using SimplygonMeshReduction for automatic skeletal mesh reduction
[2020.04.13-19.25.39:928][  0]LogMeshReduction: Using ProxyLODMeshReduction for automatic mesh merging
[2020.04.13-19.25.39:928][  0]LogMeshReduction: No distributed automatic mesh merging module available
[2020.04.13-19.25.39:928][  0]LogMeshMerging: No distributed automatic mesh merging module available
[2020.04.13-19.25.39:946][  0]LogNetVersion: Alley 1.0.0, NetCL: 5660361, EngineNetVer: 10, GameNetVer: 0 (Checksum: 422056674)
[2020.04.13-19.25.40:823][  0]LogPackageLocalizationCache: Processed 10 localized package path(s) for 1 prioritized culture(s) in 0.102840 seconds
[2020.04.13-19.25.40:833][  0]LogUObjectArray: 42205 objects as part of root set at end of initial load.
[2020.04.13-19.25.40:834][  0]LogUObjectAllocator: 7325032 out of 0 bytes used by permanent object pool.
[2020.04.13-19.25.40:834][  0]LogUObjectArray: CloseDisregardForGC: 0/0 objects in disregard for GC pool
[2020.04.13-19.25.42:875][  0]LogTcpMessaging: Initializing TcpMessaging bridge
[2020.04.13-19.25.42:894][  0]LogUdpMessaging: Initializing bridge on interface 0.0.0.0:0 to multicast group 230.0.0.1:6666.
[2020.04.13-19.25.43:114][  0]SourceControl: Source control is disabled
[2020.04.13-19.25.43:114][  0]SourceControl: Source control is disabled
[2020.04.13-19.25.43:118][  0]SourceControl: Source control is disabled
[2020.04.13-19.25.43:121][  0]SourceControl: Source control is disabled
[2020.04.13-19.25.43:148][  0]LogVSAccessor: Display: Unable to create Visual Studio setup instance: 80040154
[2020.04.13-19.25.43:151][  0]LogVSAccessor: Display: Unable to create Visual Studio setup instance: 80040154
[2020.04.13-19.25.43:396][  0]LogAndroidPermission: UAndroidPermissionCallbackProxy::GetInstance
[2020.04.13-19.25.44:151][  0]LogOcInput: OculusInput pre-init called
[2020.04.13-19.25.45:970][  0]LogEngine: Initializing Engine...
[2020.04.13-19.25.45:972][  0]LogHMD: Failed to initialize OpenVR with code 110
[2020.04.13-19.25.45:975][  0]LogStats: UGameplayTagsManager::InitializeManager -  0.001 s
[2020.04.13-19.25.46:310][  0]LogInit: Initializing FReadOnlyCVARCache
[2020.04.13-19.25.46:343][  0]LogAIModule: Creating AISystem for world Untitled
[2020.04.13-19.25.46:691][  0]LogInit: XAudio2 using 'Haut-parleurs (2- Logitech G430 Gaming Headset)' : 6 channels at 48 kHz using 16 bits per sample (channel mask 0x3f)
[2020.04.13-19.25.46:799][  0]LogInit: FAudioDevice initialized.
[2020.04.13-19.25.46:800][  0]LogNetVersion: Set ProjectVersion to 1.0.0.0. Version Checksum will be recalculated on next use.
[2020.04.13-19.25.46:959][  0]LogDerivedDataCache: Saved boot cache 0.16s 71MB C:/Users/Julio Cadet Richard/AppData/Local/UnrealEngine/4.22/DerivedDataCache/Boot.ddc.
[2020.04.13-19.25.46:984][  0]LogInit: Texture streaming: Enabled
[2020.04.13-19.25.47:038][  0]LogEngineSessionManager: EngineSessionManager initialized
[2020.04.13-19.25.47:092][  0]LogInit: Transaction tracking system initialized
[2020.04.13-19.25.47:146][  0]BlueprintLog: New page: Editor Load
[2020.04.13-19.25.47:372][  0]LocalizationService: Localization service is disabled
[2020.04.13-19.25.47:625][  0]LogVSAccessor: Display: Unable to create Visual Studio setup instance: 80040154
[2020.04.13-19.25.47:627][  0]LogVSAccessor: Display: Unable to create Visual Studio setup instance: 80040154
[2020.04.13-19.25.48:075][  0]LogFileCache: Scanning file cache for directory 'C:/Users/Julio Cadet Richard/Desktop/THE_ALLEY/Alley/Content/' took 0.03s
[2020.04.13-19.25.48:075][  0]LogCook: Display: Max memory allowance for cook 16384mb min free memory 0mb
[2020.04.13-19.25.48:075][  0]LogCook: Display: Mobile HDR setting 1
[2020.04.13-19.25.48:597][  0]SourceControl: Source control is disabled
[2020.04.13-19.25.48:597][  0]Cmd: MAP LOAD FILE="../../../../../../Users/Julio Cadet Richard/Desktop/THE_ALLEY/Alley/Content/FirstPersonBP/Maps/FirstPersonExampleMap.umap" TEMPLATE=0 SHOWPROGRESS=1 FEATURELEVEL=3
[2020.04.13-19.25.48:599][  0]LightingResults: New page: Lighting Build
[2020.04.13-19.25.48:608][  0]MapCheck: New page: Map Check
[2020.04.13-19.25.48:608][  0]LightingResults: New page: Lighting Build
[2020.04.13-19.25.48:678][  0]LogUObjectHash: Compacting FUObjectHashTables data took   3.43ms
[2020.04.13-19.25.49:468][  0]LogAIModule: Creating AISystem for world FirstPersonExampleMap
[2020.04.13-19.25.49:486][  0]LogEditorServer: Finished looking for orphan Actors (0.000 secs)
[2020.04.13-19.25.49:576][  0]LogUObjectHash: Compacting FUObjectHashTables data took   3.95ms
[2020.04.13-19.25.49:576][  0]Cmd: MAP CHECKDEP NOCLEARLOG
[2020.04.13-19.25.49:577][  0]MapCheck: Map check complete: 0 Error(s), 0 Warning(s), took 0,728ms to complete.
[2020.04.13-19.25.49:577][  0]LogFileHelpers: Loading map 'FirstPersonExampleMap' took 0.980
[2020.04.13-19.25.49:756][  0]LogSlate: Updating window title bar state: overlay mode, drag disabled, window buttons hidden, title bar hidden
[2020.04.13-19.25.49:770][  0]LogSlate: Updating window title bar state: overlay mode, drag disabled, window buttons hidden, title bar hidden
[2020.04.13-19.25.49:783][  0]LogSlate: Updating window title bar state: overlay mode, drag disabled, window buttons hidden, title bar hidden
[2020.04.13-19.25.49:796][  0]LogSlate: Updating window title bar state: overlay mode, drag disabled, window buttons hidden, title bar hidden
[2020.04.13-19.25.49:835][  0]LogCollectionManager: Loaded 0 collections in 0.004232 seconds
[2020.04.13-19.25.49:883][  0]LogFileCache: Scanning file cache for directory 'C:/Users/Julio Cadet Richard/Desktop/THE_ALLEY/Alley/Saved/Collections/' took 0.01s
[2020.04.13-19.25.49:883][  0]LogFileCache: Scanning file cache for directory 'C:/Users/Julio Cadet Richard/Desktop/THE_ALLEY/Alley/Content/Developers/JulioCadetRichard/Collections/' took 0.01s
[2020.04.13-19.25.49:883][  0]LogFileCache: Scanning file cache for directory 'C:/Users/Julio Cadet Richard/Desktop/THE_ALLEY/Alley/Content/Collections/' took 0.01s
[2020.04.13-19.25.49:883][  0]LogCollectionManager: Rebuilt the GUID cache for 0 collections in 0.000001 seconds
[2020.04.13-19.25.49:901][  0]LogContentBrowser: Native class hierarchy populated in 0.0173 seconds. Added 2733 classes and 661 folders.
[2020.04.13-19.25.49:918][  0]LogContentBrowser: Native class hierarchy updated for 'WidgetCarousel' in 0.0005 seconds. Added 0 classes and 0 folders.
[2020.04.13-19.25.49:923][  0]LogPakFile: Registered encryption key '00000000000000000000000000000000': 0 pak files mounted, 0 remain pending
[2020.04.13-19.25.49:925][  0]LogPakFile: Registered encryption key '00000000000000000000000000000000': 0 pak files mounted, 0 remain pending
[2020.04.13-19.25.49:927][  0]LogPakFile: Registered encryption key '00000000000000000000000000000000': 0 pak files mounted, 0 remain pending
[2020.04.13-19.25.49:928][  0]LogPakFile: Registered encryption key '00000000000000000000000000000000': 0 pak files mounted, 0 remain pending
[2020.04.13-19.25.49:931][  0]LogPakFile: Registered encryption key '00000000000000000000000000000000': 0 pak files mounted, 0 remain pending
[2020.04.13-19.25.49:933][  0]LogPakFile: Registered encryption key '00000000000000000000000000000000': 0 pak files mounted, 0 remain pending
[2020.04.13-19.25.49:935][  0]LogPakFile: Registered encryption key '00000000000000000000000000000000': 0 pak files mounted, 0 remain pending
[2020.04.13-19.25.49:936][  0]LogPakFile: Registered encryption key '00000000000000000000000000000000': 0 pak files mounted, 0 remain pending
[2020.04.13-19.25.49:938][  0]LogPakFile: Registered encryption key '00000000000000000000000000000000': 0 pak files mounted, 0 remain pending
[2020.04.13-19.25.49:940][  0]LogPakFile: Registered encryption key '00000000000000000000000000000000': 0 pak files mounted, 0 remain pending
[2020.04.13-19.25.49:942][  0]LogPakFile: Registered encryption key '00000000000000000000000000000000': 0 pak files mounted, 0 remain pending
[2020.04.13-19.25.49:944][  0]LogPakFile: Registered encryption key '00000000000000000000000000000000': 0 pak files mounted, 0 remain pending
[2020.04.13-19.25.49:946][  0]LogPakFile: Registered encryption key '00000000000000000000000000000000': 0 pak files mounted, 0 remain pending
[2020.04.13-19.25.49:948][  0]LogPakFile: Registered encryption key '00000000000000000000000000000000': 0 pak files mounted, 0 remain pending
[2020.04.13-19.25.49:950][  0]LogPakFile: Registered encryption key '00000000000000000000000000000000': 0 pak files mounted, 0 remain pending
[2020.04.13-19.25.49:952][  0]LogPakFile: Registered encryption key '00000000000000000000000000000000': 0 pak files mounted, 0 remain pending
[2020.04.13-19.25.49:954][  0]LogPakFile: Registered encryption key '00000000000000000000000000000000': 0 pak files mounted, 0 remain pending
[2020.04.13-19.25.49:956][  0]LogPakFile: Registered encryption key '00000000000000000000000000000000': 0 pak files mounted, 0 remain pending
[2020.04.13-19.25.49:958][  0]LogPakFile: Registered encryption key '00000000000000000000000000000000': 0 pak files mounted, 0 remain pending
[2020.04.13-19.25.49:960][  0]LogPakFile: Registered encryption key '00000000000000000000000000000000': 0 pak files mounted, 0 remain pending
[2020.04.13-19.25.49:962][  0]LogPakFile: Registered encryption key '00000000000000000000000000000000': 0 pak files mounted, 0 remain pending
[2020.04.13-19.25.49:963][  0]LogPakFile: Registered encryption key '00000000000000000000000000000000': 0 pak files mounted, 0 remain pending
[2020.04.13-19.25.49:965][  0]LogPakFile: Registered encryption key '00000000000000000000000000000000': 0 pak files mounted, 0 remain pending
[2020.04.13-19.25.49:967][  0]LogPakFile: Registered encryption key '00000000000000000000000000000000': 0 pak files mounted, 0 remain pending
[2020.04.13-19.25.49:969][  0]LogPakFile: Registered encryption key '00000000000000000000000000000000': 0 pak files mounted, 0 remain pending
[2020.04.13-19.25.49:971][  0]LogPakFile: Registered encryption key '00000000000000000000000000000000': 0 pak files mounted, 0 remain pending
[2020.04.13-19.25.50:116][  0]LogContentBrowser: Native class hierarchy updated for 'AddContentDialog' in 0.0006 seconds. Added 0 classes and 0 folders.
[2020.04.13-19.25.50:128][  0]LogSlate: Took 0.000725 seconds to synchronously load lazily loaded font '../../../Engine/Content/Slate/Fonts/Roboto-Regular.ttf' (155K)
[2020.04.13-19.25.50:132][  0]LogSlate: Took 0.000571 seconds to synchronously load lazily loaded font '../../../Engine/Content/Slate/Fonts/Roboto-Bold.ttf' (160K)
[2020.04.13-19.25.50:142][  0]LogSlate: Took 0.001149 seconds to synchronously load lazily loaded font '../../../Engine/Content/Editor/Slate/Fonts/FontAwesome.ttf' (139K)
[2020.04.13-19.25.50:283][  0]LogRenderer: Reallocating scene render targets to support 1332x692 Format 10 NumSamples 1 (Frame:1).
[2020.04.13-19.25.50:705][  0]LogContentBrowser: Native class hierarchy updated for 'HierarchicalLODOutliner' in 0.0008 seconds. Added 0 classes and 0 folders.
[2020.04.13-19.25.50:705][  0]LogLoad: (Engine Initialization) Total time: 22.90 seconds
[2020.04.13-19.25.50:705][  0]LogLoad: (Engine Initialization) Total Blueprint compile time: 0.00 seconds
[2020.04.13-19.25.50:774][  0]LogContentStreaming: Texture pool size now 1000 MB
[2020.04.13-19.25.50:825][  0]LogSlate: Took 0.000493 seconds to synchronously load lazily loaded font '../../../Engine/Content/Slate/Fonts/Roboto-Light.ttf' (167K)
[2020.04.13-19.25.50:860][  1]LogAssetRegistry: Asset discovery search completed in 12.1488 seconds
[2020.04.13-19.25.50:864][  1]LogCollectionManager: Rebuilt the object cache for 0 collections in 0.000002 seconds (found 0 objects)
[2020.04.13-19.25.50:864][  1]LogCollectionManager: Fixed up redirectors for 0 collections in 0.000104 seconds (updated 0 objects)
[2020.04.13-19.26.09:150][103]LogSlate: FSceneViewport::OnFocusLost() reason 0
[2020.04.13-19.27.28:377][476]LogSlate: Took 0.000528 seconds to synchronously load lazily loaded font '../../../Engine/Content/Slate/Fonts/Roboto-Light.ttf' (167K)
[2020.04.13-19.27.28:801][476]LogAIModule: Creating AISystem for world Alley
[2020.04.13-19.27.28:825][476]LogAssetEditorManager: Opening Asset editor for World /Game/Maps/Alley.Alley
[2020.04.13-19.27.28:915][476]LogUObjectHash: Compacting FUObjectHashTables data took   2.44ms
[2020.04.13-19.27.28:916][476]Cmd: MAP LOAD FILE="../../../../../../Users/Julio Cadet Richard/Desktop/THE_ALLEY/Alley/Content/Maps/Alley.umap" TEMPLATE=0 SHOWPROGRESS=1 FEATURELEVEL=3
[2020.04.13-19.27.28:917][476]LightingResults: New page: Lighting Build
[2020.04.13-19.27.28:917][476]LoadErrors: New page: Loading map: Alley.umap
[2020.04.13-19.27.28:919][476]MapCheck: New page: Map Check
[2020.04.13-19.27.28:919][476]LightingResults: New page: Lighting Build
[2020.04.13-19.27.29:017][476]LogUObjectHash: Compacting FUObjectHashTables data took   3.20ms
[2020.04.13-19.27.29:042][476]LogEditorServer: Finished looking for orphan Actors (0.000 secs)
[2020.04.13-19.27.29:142][476]LogUObjectHash: Compacting FUObjectHashTables data took   2.78ms
[2020.04.13-19.27.29:169][476]Cmd: MAP CHECKDEP NOCLEARLOG
[2020.04.13-19.27.29:169][476]MapCheck: Map check complete: 0 Error(s), 0 Warning(s), took 0,555ms to complete.
[2020.04.13-19.27.29:170][476]LogFileHelpers: Loading map 'Alley' took 0.254
[2020.04.13-19.28.46:936][700]LogEditorViewport: Clicking on Actor (LMB): StaticMeshActor (SM_sidewalk32)
[2020.04.13-19.35.11:300][154]LogSlate: FSceneViewport::OnFocusLost() reason 0
[2020.04.13-19.36.46:788][671]LogAIModule: Creating AISystem for world Alley_v2
[2020.04.13-19.36.46:792][671]LogAssetEditorManager: Opening Asset editor for World /Game/Maps/Alley_v2.Alley_v2
[2020.04.13-19.36.46:891][671]LogUObjectHash: Compacting FUObjectHashTables data took   2.31ms
[2020.04.13-19.36.46:892][671]Cmd: MAP LOAD FILE="../../../../../../Users/Julio Cadet Richard/Desktop/THE_ALLEY/Alley/Content/Maps/Alley_v2.umap" TEMPLATE=0 SHOWPROGRESS=1 FEATURELEVEL=3
[2020.04.13-19.36.46:892][671]LightingResults: New page: Lighting Build
[2020.04.13-19.36.46:893][671]LoadErrors: New page: Loading map: Alley_v2.umap
[2020.04.13-19.36.46:897][671]MapCheck: New page: Map Check
[2020.04.13-19.36.46:897][671]LightingResults: New page: Lighting Build
[2020.04.13-19.36.46:998][671]LogUObjectHash: Compacting FUObjectHashTables data took   4.07ms
[2020.04.13-19.36.47:003][671]LogEditorServer: Finished looking for orphan Actors (0.000 secs)
[2020.04.13-19.36.47:092][671]LogUObjectHash: Compacting FUObjectHashTables data took   3.27ms
[2020.04.13-19.36.47:124][671]Cmd: MAP CHECKDEP NOCLEARLOG
[2020.04.13-19.36.47:125][671]MapCheck: Map check complete: 0 Error(s), 0 Warning(s), took 0,724ms to complete.
[2020.04.13-19.36.47:125][671]LogFileHelpers: Loading map 'Alley_v2' took 0.234
[2020.04.13-19.36.53:529][371]LogSlate: FSceneViewport::OnFocusLost() reason 0
[2020.04.13-19.36.53:973][391]LogAIModule: Creating AISystem for world Alley
[2020.04.13-19.36.53:992][391]LogAssetEditorManager: Opening Asset editor for World /Game/Maps/Alley.Alley
[2020.04.13-19.36.54:085][391]LogUObjectHash: Compacting FUObjectHashTables data took   2.43ms
[2020.04.13-19.36.54:086][391]Cmd: MAP LOAD FILE="../../../../../../Users/Julio Cadet Richard/Desktop/THE_ALLEY/Alley/Content/Maps/Alley.umap" TEMPLATE=0 SHOWPROGRESS=1 FEATURELEVEL=3
[2020.04.13-19.36.54:087][391]LightingResults: New page: Lighting Build
[2020.04.13-19.36.54:088][391]LoadErrors: New page: Loading map: Alley.umap
[2020.04.13-19.36.54:089][391]MapCheck: New page: Map Check
[2020.04.13-19.36.54:089][391]LightingResults: New page: Lighting Build
[2020.04.13-19.36.54:181][391]LogUObjectHash: Compacting FUObjectHashTables data took   3.43ms
[2020.04.13-19.36.54:208][391]LogEditorServer: Finished looking for orphan Actors (0.000 secs)
[2020.04.13-19.36.54:306][391]LogUObjectHash: Compacting FUObjectHashTables data took   2.99ms
[2020.04.13-19.36.54:332][391]Cmd: MAP CHECKDEP NOCLEARLOG
[2020.04.13-19.36.54:333][391]MapCheck: Map check complete: 0 Error(s), 0 Warning(s), took 0,568ms to complete.
[2020.04.13-19.36.54:333][391]LogFileHelpers: Loading map 'Alley' took 0.248
[2020.04.13-19.36.57:703][478]LogEditorViewport: Clicking on Actor (LMB): AtmosphericFog (Atmospheric Fog)
[2020.04.13-19.36.57:795][478]LogEditorViewport: Clicking on Actor (double click): AtmosphericFog (Atmospheric Fog)
[2020.04.13-19.36.59:980][539]LogEditorViewport: Clicking on Actor (LMB): DirectionalLight (Light Source)
[2020.04.13-19.37.00:075][539]LogEditorViewport: Clicking on Component (LMB): DirectionalLightComponent (LightComponent0)
[2020.04.13-19.37.01:413][574]LogEditorViewport: Clicking on Actor (LMB): SphereReflectionCapture (SphereReflectionCapture)
[2020.04.13-19.37.06:284][692]LogSlate: FSceneViewport::OnFocusLost() reason 0
[2020.04.13-19.37.06:540][702]LogAIModule: Creating AISystem for world Alley_v2
[2020.04.13-19.37.06:545][702]LogAssetEditorManager: Opening Asset editor for World /Game/Maps/Alley_v2.Alley_v2
[2020.04.13-19.37.06:645][702]LogUObjectHash: Compacting FUObjectHashTables data took   2.34ms
[2020.04.13-19.37.06:647][702]Cmd: MAP LOAD FILE="../../../../../../Users/Julio Cadet Richard/Desktop/THE_ALLEY/Alley/Content/Maps/Alley_v2.umap" TEMPLATE=0 SHOWPROGRESS=1 FEATURELEVEL=3
[2020.04.13-19.37.06:647][702]LightingResults: New page: Lighting Build
[2020.04.13-19.37.06:648][702]LoadErrors: New page: Loading map: Alley_v2.umap
[2020.04.13-19.37.06:653][702]MapCheck: New page: Map Check
[2020.04.13-19.37.06:653][702]LightingResults: New page: Lighting Build
[2020.04.13-19.37.06:751][702]LogUObjectHash: Compacting FUObjectHashTables data took   3.51ms
[2020.04.13-19.37.06:756][702]LogEditorServer: Finished looking for orphan Actors (0.000 secs)
[2020.04.13-19.37.06:856][702]LogUObjectHash: Compacting FUObjectHashTables data took   3.06ms
[2020.04.13-19.37.06:886][702]Cmd: MAP CHECKDEP NOCLEARLOG
[2020.04.13-19.37.06:887][702]MapCheck: Map check complete: 0 Error(s), 0 Warning(s), took 0,657ms to complete.
[2020.04.13-19.37.06:887][702]LogFileHelpers: Loading map 'Alley_v2' took 0.241
[2020.04.13-19.37.15:050][497]LogEditorViewport: Clicking on Actor (LMB): SkyLight (SkyLight)
[2020.04.13-20.05.41:537][626]LogSlate: Took 0.003384 seconds to synchronously load lazily loaded font '../../../Engine/Content/Slate/Fonts/Roboto-Italic.ttf' (157K)
[2020.04.13-20.05.43:329][632]LogSlate: FSceneViewport::OnFocusLost() reason 0
[2020.04.13-20.05.43:717][632]LogUObjectHash: Compacting FUObjectHashTables data took   2.84ms
[2020.04.13-20.05.46:831][632]LogSlate: Window 'Save Content' being destroyed
[2020.04.13-20.05.46:879][632]Cmd: OBJ SAVEPACKAGE PACKAGE="/Game/Maps/Alley_v2" FILE="../../../../../../Users/Julio Cadet Richard/Desktop/THE_ALLEY/Alley/Content/Maps/Alley_v2.umap" SILENT=true AUTOSAVING=false KEEPDIRTY=false
[2020.04.13-20.05.46:976][632]LogUObjectHash: Compacting FUObjectHashTables data took   1.11ms
[2020.04.13-20.05.47:142][632]LogSavePackage: Moving '../../../../../../Users/Julio Cadet Richard/Desktop/THE_ALLEY/Alley/Saved/Alley_v2D680A899467CA9D982F73A9FAF2C6ECD.tmp' to '../../../../../../Users/Julio Cadet Richard/Desktop/THE_ALLEY/Alley/Content/Maps/Alley_v2.umap'
[2020.04.13-20.05.47:179][632]LogFileHelpers: Saving map 'Alley_v2' took 0.302
[2020.04.13-20.05.47:255][632]LogSlate: Window 'Alley - Unreal Editor' being destroyed
[2020.04.13-20.05.47:555][633]Cmd: QUIT_EDITOR
[2020.04.13-20.05.47:639][633]LogWindowsTextInputMethodSystem: Display: IME system now deactivated.
[2020.04.13-20.05.47:672][633]LogExit: Preparing to exit.
[2020.04.13-20.05.48:265][633]LogExit: Editor shut down
[2020.04.13-20.05.48:266][633]LogExit: Transaction tracking system shut down
[2020.04.13-20.05.48:538][633]LogExit: Object subsystem successfully closed.
[2020.04.13-20.05.48:558][633]LogShaderCompilers: Display: Shaders left to compile 0
[2020.04.13-20.05.48:564][633]LogD3D11RHI: Shutdown
[2020.04.13-20.05.48:564][633]LogD3D11RHI: CleanupD3DDevice
[2020.04.13-20.05.48:564][633]LogRendererCore: FGlobalReadBuffer::ReleaseRHI
[2020.04.13-20.05.48:564][633]LogRendererCore: FGlobalDynamicReadBuffer::Cleanup()
[2020.04.13-20.05.48:564][633]LogRendererCore: FGlobalReadBuffer::ReleaseRHI
[2020.04.13-20.05.48:564][633]LogRendererCore: FGlobalDynamicReadBuffer::Cleanup()
[2020.04.13-20.05.48:565][633]LogRendererCore: FGlobalReadBuffer::ReleaseRHI
[2020.04.13-20.05.48:565][633]LogRendererCore: FGlobalDynamicReadBuffer::Cleanup()
[2020.04.13-20.05.48:777][633]LogD3D11RHI: ~FD3D11DynamicRHI
[2020.04.13-20.05.48:968][633]LogModuleManager: Shutting down and abandoning module HierarchicalLODOutliner (642)
[2020.04.13-20.05.48:968][633]LogModuleManager: Shutting down and abandoning module AddContentDialog (640)
[2020.04.13-20.05.48:969][633]LogModuleManager: Shutting down and abandoning module WidgetCarousel (639)
[2020.04.13-20.05.48:969][633]LogModuleManager: Shutting down and abandoning module EditorWidgets (636)
[2020.04.13-20.05.48:969][633]LogModuleManager: Shutting down and abandoning module CollectionManager (634)
[2020.04.13-20.05.48:969][633]LogModuleManager: Shutting down and abandoning module SceneOutliner (632)
[2020.04.13-20.05.48:969][633]LogModuleManager: Shutting down and abandoning module StatsViewer (630)
[2020.04.13-20.05.48:969][633]LogModuleManager: Shutting down and abandoning module FoliageEdit (628)
[2020.04.13-20.05.48:970][633]LogModuleManager: Shutting down and abandoning module LandscapeEditor (626)
[2020.04.13-20.05.48:970][633]LogModuleManager: Shutting down and abandoning module MeshPaintMode (624)
[2020.04.13-20.05.48:970][633]LogModuleManager: Shutting down and abandoning module SceneDepthPickerMode (622)
[2020.04.13-20.05.48:970][633]LogModuleManager: Shutting down and abandoning module ActorPickerMode (620)
[2020.04.13-20.05.48:970][633]LogModuleManager: Shutting down and abandoning module GeometryMode (618)
[2020.04.13-20.05.48:970][633]LogModuleManager: Shutting down and abandoning module TextureAlignMode (616)
[2020.04.13-20.05.48:970][633]LogModuleManager: Shutting down and abandoning module BspMode (614)
[2020.04.13-20.05.48:970][633]LogModuleManager: Shutting down and abandoning module PIEPreviewDeviceProfileSelector (612)
[2020.04.13-20.05.48:970][633]LogModuleManager: Shutting down and abandoning module SequenceRecorderSections (610)
[2020.04.13-20.05.48:970][633]LogModuleManager: Shutting down and abandoning module AutomationWorker (608)
[2020.04.13-20.05.48:970][633]LogModuleManager: Shutting down and abandoning module OculusMR (606)
[2020.04.13-20.05.48:970][633]LogModuleManager: Shutting down and abandoning module AudioCaptureEditor (604)
[2020.04.13-20.05.48:970][633]LogModuleManager: Shutting down and abandoning module MatineeToLevelSequence (602)
[2020.04.13-20.05.48:970][633]LogModuleManager: Shutting down and abandoning module LevelSequenceEditor (600)
[2020.04.13-20.05.48:970][633]LogModuleManager: Shutting down and abandoning module PlacementMode (599)
[2020.04.13-20.05.48:970][633]LogModuleManager: Shutting down and abandoning module MaterialEditor (598)
[2020.04.13-20.05.48:971][633]LogModuleManager: Shutting down and abandoning module ActorSequenceEditor (594)
[2020.04.13-20.05.48:971][633]LogModuleManager: Shutting down and abandoning module WmfMediaFactory (592)
[2020.04.13-20.05.48:971][633]LogModuleManager: Shutting down and abandoning module WmfMediaEditor (590)
[2020.04.13-20.05.48:971][633]LogModuleManager: Shutting down and abandoning module WebMMediaFactory (588)
[2020.04.13-20.05.48:971][633]LogModuleManager: Shutting down and abandoning module WebMMediaEditor (586)
[2020.04.13-20.05.48:971][633]LogModuleManager: Shutting down and abandoning module WebMMedia (584)
[2020.04.13-20.05.48:971][633]LogModuleManager: Shutting down and abandoning module MediaPlayerEditor (582)
[2020.04.13-20.05.48:971][633]LogModuleManager: Shutting down and abandoning module MediaCompositingEditor (580)
[2020.04.13-20.05.48:971][633]LogModuleManager: Shutting down and abandoning module SequenceRecorder (579)
[2020.04.13-20.05.48:971][633]LogModuleManager: Shutting down and abandoning module OpenExrWrapper (576)
[2020.04.13-20.05.48:971][633]LogModuleManager: Shutting down and abandoning module ImgMediaFactory (574)
[2020.04.13-20.05.48:971][633]LogModuleManager: Shutting down and abandoning module ImgMediaEditor (572)
[2020.04.13-20.05.48:971][633]LogModuleManager: Shutting down and abandoning module AvfMediaFactory (570)
[2020.04.13-20.05.48:971][633]LogModuleManager: Shutting down and abandoning module AvfMediaEditor (568)
[2020.04.13-20.05.48:971][633]LogModuleManager: Shutting down and abandoning module AndroidMediaFactory (566)
[2020.04.13-20.05.48:971][633]LogModuleManager: Shutting down and abandoning module AndroidMediaEditor (564)
[2020.04.13-20.05.48:971][633]LogModuleManager: Shutting down and abandoning module MagicLeapCameraPreviewFactory (562)
[2020.04.13-20.05.48:971][633]LogModuleManager: Shutting down and abandoning module MagicLeapMediaCodecFactory (560)
[2020.04.13-20.05.48:971][633]LogModuleManager: Shutting down and abandoning module MagicLeapMediaFactory (558)
[2020.04.13-20.05.48:971][633]LogModuleManager: Shutting down and abandoning module MagicLeapMediaEditor (556)
[2020.04.13-20.05.48:971][633]LogModuleManager: Shutting down and abandoning module CharacterAI (554)
[2020.04.13-20.05.48:971][633]LogModuleManager: Shutting down and abandoning module SmartSnapping (552)
[2020.04.13-20.05.48:971][633]LogModuleManager: Shutting down and abandoning module SessionServices (550)
[2020.04.13-20.05.48:971][633]LogModuleManager: Shutting down and abandoning module MeshPaint (548)
[2020.04.13-20.05.48:971][633]LogModuleManager: Shutting down and abandoning module ViewportSnapping (546)
[2020.04.13-20.05.48:971][633]LogModuleManager: Shutting down and abandoning module ViewportInteraction (544)
[2020.04.13-20.05.48:971][633]LogModuleManager: Shutting down and abandoning module ClothPainter (542)
[2020.04.13-20.05.48:972][633]LogModuleManager: Shutting down and abandoning module SkeletalMeshEditor (541)
[2020.04.13-20.05.48:972][633]LogModuleManager: Shutting down and abandoning module LogVisualizer (538)
[2020.04.13-20.05.48:972][633]LogModuleManager: Shutting down and abandoning module IntroTutorials (536)
[2020.04.13-20.05.48:972][633]LogModuleManager: Shutting down and abandoning module GameProjectGeneration (535)
[2020.04.13-20.05.48:972][633]LogModuleManager: Shutting down and abandoning module LuminPlatformEditor (532)
[2020.04.13-20.05.48:972][633]LogModuleManager: Shutting down and abandoning module IOSPlatformEditor (530)
[2020.04.13-20.05.48:972][633]LogModuleManager: Shutting down and abandoning module HTML5PlatformEditor (528)
[2020.04.13-20.05.48:972][633]LogModuleManager: Shutting down and abandoning module AndroidPlatformEditor (526)
[2020.04.13-20.05.48:972][633]LogModuleManager: Shutting down and abandoning module AndroidDeviceDetection (525)
[2020.04.13-20.05.49:983][633]LogModuleManager: Shutting down and abandoning module WindowsPlatformEditor (522)
[2020.04.13-20.05.49:983][633]LogModuleManager: Shutting down and abandoning module LuminRuntimeSettings (520)
[2020.04.13-20.05.49:983][633]LogModuleManager: Shutting down and abandoning module IOSRuntimeSettings (518)
[2020.04.13-20.05.49:983][633]LogModuleManager: Shutting down and abandoning module AndroidRuntimeSettings (516)
[2020.04.13-20.05.49:983][633]LogModuleManager: Shutting down and abandoning module TimeManagementEditor (514)
[2020.04.13-20.05.49:983][633]LogModuleManager: Shutting down and abandoning module InputBindingEditor (512)
[2020.04.13-20.05.49:983][633]LogModuleManager: Shutting down and abandoning module MergeActors (510)
[2020.04.13-20.05.49:983][633]LogModuleManager: Shutting down and abandoning module LocalizationDashboard (508)
[2020.04.13-20.05.49:983][633]LogModuleManager: Shutting down and abandoning module LocalizationService (507)
[2020.04.13-20.05.49:983][633]LogModuleManager: Shutting down and abandoning module HardwareTargeting (504)
[2020.04.13-20.05.49:983][633]LogModuleManager: Shutting down and abandoning module DeviceProfileEditor (502)
[2020.04.13-20.05.49:983][633]LogModuleManager: Shutting down and abandoning module UndoHistory (500)
[2020.04.13-20.05.49:983][633]LogModuleManager: Shutting down and abandoning module XmlParser (498)
[2020.04.13-20.05.49:983][633]LogModuleManager: Shutting down and abandoning module Blutility (496)
[2020.04.13-20.05.49:983][633]LogModuleManager: Shutting down and abandoning module ProjectSettingsViewer (494)
[2020.04.13-20.05.49:983][633]LogModuleManager: Shutting down and abandoning module ProjectTargetPlatformEditor (493)
[2020.04.13-20.05.49:983][633]LogModuleManager: Shutting down and abandoning module EditorSettingsViewer (490)
[2020.04.13-20.05.49:983][633]LogModuleManager: Shutting down and abandoning module SettingsEditor (488)
[2020.04.13-20.05.49:983][633]LogModuleManager: Shutting down and abandoning module ProjectLauncher (486)
[2020.04.13-20.05.49:983][633]LogModuleManager: Shutting down and abandoning module SessionFrontend (484)
[2020.04.13-20.05.49:983][633]LogModuleManager: Shutting down and abandoning module ProfilerClient (482)
[2020.04.13-20.05.49:983][633]LogModuleManager: Shutting down and abandoning module DeviceManager (480)
[2020.04.13-20.05.49:984][633]LogModuleManager: Shutting down and abandoning module TargetDeviceServices (479)
[2020.04.13-20.05.50:027][633]LogModuleManager: Shutting down and abandoning module AutomationController (476)
[2020.04.13-20.05.50:027][633]LogModuleManager: Shutting down and abandoning module AutomationWindow (474)
[2020.04.13-20.05.50:027][633]LogModuleManager: Shutting down and abandoning module Layers (472)
[2020.04.13-20.05.50:027][633]LogModuleManager: Shutting down and abandoning module ComponentVisualizers (470)
[2020.04.13-20.05.50:027][633]LogModuleManager: Shutting down and abandoning module DetailCustomizations (468)
[2020.04.13-20.05.50:027][633]LogModuleManager: Shutting down and abandoning module PackagesDialog (466)
[2020.04.13-20.05.50:027][633]LogModuleManager: Shutting down and abandoning module AnimationBlueprintEditor (464)
[2020.04.13-20.05.50:027][633]LogModuleManager: Shutting down and abandoning module Persona (462)
[2020.04.13-20.05.50:027][633]LogModuleManager: Shutting down and abandoning module AdvancedPreviewScene (461)
[2020.04.13-20.05.50:027][633]LogModuleManager: Shutting down and abandoning module AnimGraph (459)
[2020.04.13-20.05.50:027][633]LogModuleManager: Shutting down and abandoning module Kismet (456)
[2020.04.13-20.05.50:028][633]LogModuleManager: Shutting down and abandoning module GraphEditor (454)
[2020.04.13-20.05.50:028][633]LogModuleManager: Shutting down and abandoning module ClassViewer (452)
[2020.04.13-20.05.50:028][633]LogModuleManager: Shutting down and abandoning module Toolbox (450)
[2020.04.13-20.05.50:028][633]LogModuleManager: Shutting down and abandoning module ModuleUI (448)
[2020.04.13-20.05.50:028][633]LogModuleManager: Shutting down and abandoning module MovieSceneTools (446)
[2020.04.13-20.05.50:028][633]LogModuleManager: Shutting down and abandoning module OutputLog (444)
[2020.04.13-20.05.50:028][633]LogModuleManager: Shutting down and abandoning module GammaUI (442)
[2020.04.13-20.05.50:028][633]LogModuleManager: Shutting down and abandoning module Documentation (440)
[2020.04.13-20.05.50:028][633]LogModuleManager: Shutting down and abandoning module LiveCoding (438)
[2020.04.13-20.05.50:028][633]LogModuleManager: Shutting down and abandoning module LevelSequence (436)
[2020.04.13-20.05.50:029][633]LogModuleManager: Shutting down and abandoning module MovieSceneTracks (434)
[2020.04.13-20.05.50:029][633]LogModuleManager: Shutting down and abandoning module MovieScene (432)
[2020.04.13-20.05.50:029][633]LogModuleManager: Shutting down and abandoning module StreamingPauseRendering (430)
[2020.04.13-20.05.50:029][633]LogModuleManager: Shutting down and abandoning module LauncherPlatform (428)
[2020.04.13-20.05.50:029][633]LogModuleManager: Shutting down and abandoning module AnalyticsET (426)
[2020.04.13-20.05.50:029][633]LogModuleManager: Shutting down and abandoning module PortalServices (424)
[2020.04.13-20.05.50:029][633]LogModuleManager: Shutting down and abandoning module PortalRpc (422)
[2020.04.13-20.05.50:029][633]LogModuleManager: Shutting down and abandoning module MessagingRpc (420)
[2020.04.13-20.05.50:029][633]LogModuleManager: Shutting down and abandoning module AIModule (418)
[2020.04.13-20.05.50:029][633]LogModuleManager: Shutting down and abandoning module GameplayDebugger (417)
[2020.04.13-20.05.50:029][633]LogModuleManager: Shutting down and abandoning module AITestSuite (415)
[2020.04.13-20.05.50:029][633]LogModuleManager: Shutting down and abandoning module NavigationSystem (413)
[2020.04.13-20.05.50:029][633]LogModuleManager: Shutting down and abandoning module DesktopPlatform (410)
[2020.04.13-20.05.50:029][633]LogModuleManager: Shutting down and abandoning module ImageWriteQueue (408)
[2020.04.13-20.05.50:033][633]LogModuleManager: Shutting down and abandoning module ProfilerService (406)
[2020.04.13-20.05.50:230][633]LogModuleManager: Shutting down and abandoning module TaskGraph (404)
[2020.04.13-20.05.50:230][633]LogModuleManager: Shutting down and abandoning module SteamVRController (402)
[2020.04.13-20.05.50:230][633]LogModuleManager: Shutting down and abandoning module ProceduralMeshComponentEditor (400)
[2020.04.13-20.05.50:230][633]LogModuleManager: Shutting down and abandoning module ProceduralMeshComponent (398)
[2020.04.13-20.05.50:230][633]LogModuleManager: Shutting down and abandoning module OculusEditor (396)
[2020.04.13-20.05.50:230][633]LogModuleManager: Shutting down and abandoning module OculusInput (394)
[2020.04.13-20.05.50:230][633]LogModuleManager: Shutting down and abandoning module MobilePatchingUtils (392)
[2020.04.13-20.05.50:230][633]LogModuleManager: Shutting down and abandoning module EditableMesh (390)
[2020.04.13-20.05.50:230][633]LogModuleManager: Shutting down and abandoning module CustomMeshComponent (388)
[2020.04.13-20.05.50:230][633]LogModuleManager: Shutting down and abandoning module CableComponent (386)
[2020.04.13-20.05.50:230][633]LogModuleManager: Shutting down and abandoning module AudioCapture (384)
[2020.04.13-20.05.50:230][633]LogModuleManager: Shutting down and abandoning module ArchVisCharacter (382)
[2020.04.13-20.05.50:230][633]LogModuleManager: Shutting down and abandoning module AndroidPermission (380)
[2020.04.13-20.05.50:230][633]LogModuleManager: Shutting down and abandoning module NUTUnrealEngine4 (378)
[2020.04.13-20.05.50:230][633]LogModuleManager: Shutting down and abandoning module NetcodeUnitTest (376)
[2020.04.13-20.05.50:230][633]LogModuleManager: Shutting down and abandoning module MediaCompositing (374)
[2020.04.13-20.05.50:230][633]LogModuleManager: Shutting down and abandoning module LinearTimecode (372)
[2020.04.13-20.05.50:230][633]LogModuleManager: Shutting down and abandoning module ImgMedia (370)
[2020.04.13-20.05.50:230][633]LogModuleManager: Shutting down and abandoning module MagicLeapHelperVulkan (368)
[2020.04.13-20.05.50:230][633]LogModuleManager: Shutting down and abandoning module MagicLeapHelperOpenGL (366)
[2020.04.13-20.05.50:230][633]LogModuleManager: Shutting down and abandoning module MagicLeapAudio (364)
[2020.04.13-20.05.50:230][633]LogModuleManager: Shutting down and abandoning module HTML5Networking (362)
[2020.04.13-20.05.50:231][633]LogModuleManager: Shutting down and abandoning module GeometryCacheTracks (360)
[2020.04.13-20.05.50:231][633]LogModuleManager: Shutting down and abandoning module GeometryCacheSequencer (358)
[2020.04.13-20.05.50:231][633]LogModuleManager: Shutting down and abandoning module BackChannel (356)
[2020.04.13-20.05.50:231][633]LogModuleManager: Shutting down and abandoning module AppleVision (354)
[2020.04.13-20.05.50:231][633]LogModuleManager: Shutting down and abandoning module AppleImageUtilsBlueprintSupport (352)
[2020.04.13-20.05.50:231][633]LogModuleManager: Shutting down and abandoning module AppleImageUtils (350)
[2020.04.13-20.05.50:231][633]LogModuleManager: Shutting down and abandoning module AlembicImporter (348)
[2020.04.13-20.05.50:231][633]LogModuleManager: Shutting down and abandoning module AlembicLibrary (347)
[2020.04.13-20.05.50:231][633]LogModuleManager: Shutting down and abandoning module GeometryCache (346)
[2020.04.13-20.05.50:231][633]LogModuleManager: Shutting down and abandoning module GeometryCacheEd (345)
[2020.04.13-20.05.50:231][633]LogModuleManager: Shutting down and abandoning module VariantManagerContent (340)
[2020.04.13-20.05.50:231][633]LogModuleManager: Shutting down and abandoning module DatasmithContentEditor (338)
[2020.04.13-20.05.50:231][633]LogModuleManager: Shutting down and abandoning module SpeedTreeImporter (336)
[2020.04.13-20.05.50:231][633]LogModuleManager: Shutting down and abandoning module PluginBrowser (334)
[2020.04.13-20.05.50:231][633]LogModuleManager: Shutting down and abandoning module MobileLauncherProfileWizard (332)
[2020.04.13-20.05.50:231][633]LogModuleManager: Shutting down and abandoning module MaterialAnalyzer (330)
[2020.04.13-20.05.50:231][633]LogModuleManager: Shutting down and abandoning module CryptoKeysOpenSSL (328)
[2020.04.13-20.05.50:231][633]LogModuleManager: Shutting down and abandoning module CryptoKeys (326)
[2020.04.13-20.05.50:231][633]LogModuleManager: Shutting down and abandoning module VisualStudioSourceCodeAccess (324)
[2020.04.13-20.05.50:231][633]LogModuleManager: Shutting down and abandoning module VisualStudioCodeSourceCodeAccess (322)
[2020.04.13-20.05.50:231][633]LogModuleManager: Shutting down and abandoning module UObjectPlugin (320)
[2020.04.13-20.05.50:231][633]LogModuleManager: Shutting down and abandoning module SubversionSourceControl (318)
[2020.04.13-20.05.50:232][633]LogModuleManager: Shutting down and abandoning module PerforceSourceControl (316)
[2020.04.13-20.05.50:232][633]LogModuleManager: Shutting down and abandoning module GitSourceControl (314)
[2020.04.13-20.05.50:232][633]LogModuleManager: Shutting down and abandoning module SourceControl (313)
[2020.04.13-20.05.50:232][633]LogModuleManager: Shutting down and abandoning module CLionSourceCodeAccess (310)
[2020.04.13-20.05.50:232][633]LogModuleManager: Shutting down and abandoning module AnimationSharingEd (308)
[2020.04.13-20.05.50:232][633]LogModuleManager: Shutting down and abandoning module ActorLayerUtilitiesEditor (306)
[2020.04.13-20.05.50:232][633]LogModuleManager: Shutting down and abandoning module ActorLayerUtilities (304)
[2020.04.13-20.05.50:232][633]LogModuleManager: Shutting down and abandoning module LightPropagationVolumeEditor (302)
[2020.04.13-20.05.50:232][633]LogModuleManager: Shutting down and abandoning module PaperTiledImporter (300)
[2020.04.13-20.05.50:232][633]LogModuleManager: Shutting down and abandoning module PaperSpriteSheetImporter (298)
[2020.04.13-20.05.50:232][633]LogModuleManager: Shutting down and abandoning module Paper2DEditor (296)
[2020.04.13-20.05.50:232][633]LogModuleManager: Shutting down and abandoning module SignificanceManager (294)
[2020.04.13-20.05.50:232][633]LogModuleManager: Shutting down and abandoning module RuntimePhysXCooking (292)
[2020.04.13-20.05.50:232][633]LogModuleManager: Shutting down and abandoning module PhysXVehiclesEditor (290)
[2020.04.13-20.05.50:232][633]LogModuleManager: Shutting down and abandoning module PhysXVehicles (288)
[2020.04.13-20.05.50:232][633]LogModuleManager: Shutting down and abandoning module LocationServicesBPLibrary (286)
[2020.04.13-20.05.50:232][633]LogModuleManager: Shutting down and abandoning module ActorSequence (284)
[2020.04.13-20.05.50:232][633]LogModuleManager: Shutting down and abandoning module UdpMessaging (282)
[2020.04.13-20.05.50:333][633]LogModuleManager: Shutting down and abandoning module TcpMessaging (280)
[2020.04.13-20.05.50:434][633]LogModuleManager: Shutting down and abandoning module MagicLeapIdentity (278)
[2020.04.13-20.05.50:434][633]LogModuleManager: Shutting down and abandoning module MagicLeapSecureStorage (276)
[2020.04.13-20.05.50:434][633]LogModuleManager: Shutting down and abandoning module MagicLeapHandTracking (274)
[2020.04.13-20.05.50:434][633]LogModuleManager: Shutting down and abandoning module MagicLeapEyeTracker (272)
[2020.04.13-20.05.50:434][633]LogModuleManager: Shutting down and abandoning module MagicLeapController (270)
[2020.04.13-20.05.50:434][633]LogSlate: Slate User Destroyed.  User Index 0, Is Virtual User: 0
[2020.04.13-20.05.50:434][633]LogModuleManager: Shutting down and abandoning module MagicLeapAR (268)
[2020.04.13-20.05.50:434][633]LogModuleManager: Shutting down and abandoning module AugmentedReality (267)
[2020.04.13-20.05.50:434][633]LogModuleManager: Shutting down and abandoning module GameplayTagsEditor (264)
[2020.04.13-20.05.50:434][633]LogModuleManager: Shutting down and abandoning module FacialAnimationEditor (262)
[2020.04.13-20.05.50:434][633]LogModuleManager: Shutting down and abandoning module FacialAnimation (260)
[2020.04.13-20.05.50:434][633]LogModuleManager: Shutting down and abandoning module DataValidation (258)
[2020.04.13-20.05.50:434][633]LogModuleManager: Shutting down and abandoning module AssetManagerEditor (256)
[2020.04.13-20.05.50:435][633]LogModuleManager: Shutting down and abandoning module LevelEditor (255)
[2020.04.13-20.05.50:436][633]LogModuleManager: Shutting down and abandoning module PixelInspectorModule (254)
[2020.04.13-20.05.50:436][633]LogModuleManager: Shutting down and abandoning module CommonMenuExtensions (252)
[2020.04.13-20.05.50:436][633]LogModuleManager: Shutting down and abandoning module MainFrame (250)
[2020.04.13-20.05.50:436][633]LogModuleManager: Shutting down and abandoning module HotReload (249)
[2020.04.13-20.05.50:438][633]LogModuleManager: Shutting down and abandoning module ContentBrowser (245)
[2020.04.13-20.05.50:439][633]LogModuleManager: Shutting down and abandoning module TreeMap (243)
[2020.04.13-20.05.50:439][633]LogModuleManager: Shutting down and abandoning module AnimationSharing (240)
[2020.04.13-20.05.50:439][633]LogModuleManager: Shutting down and abandoning module LightPropagationVolumeRuntime (238)
[2020.04.13-20.05.50:439][633]LogModuleManager: Shutting down and abandoning module AISupportModule (236)
[2020.04.13-20.05.50:439][633]LogModuleManager: Shutting down and abandoning module Paper2D (234)
[2020.04.13-20.05.50:439][633]LogModuleManager: Shutting down and abandoning module WindowsMoviePlayer (232)
[2020.04.13-20.05.50:439][633]LogModuleManager: Shutting down and abandoning module WebMMoviePlayer (230)
[2020.04.13-20.05.50:439][633]LogModuleManager: Shutting down and abandoning module PacketHandler (228)
[2020.04.13-20.05.50:439][633]LogModuleManager: Shutting down and abandoning module ClothingSystemEditor (226)
[2020.04.13-20.05.50:439][633]LogModuleManager: Shutting down and abandoning module ClothingSystemRuntime (224)
[2020.04.13-20.05.50:439][633]LogModuleManager: Shutting down and abandoning module MediaAssets (222)
[2020.04.13-20.05.50:439][633]LogModuleManager: Shutting down and abandoning module Overlay (220)
[2020.04.13-20.05.50:439][633]LogModuleManager: Shutting down and abandoning module OverlayEditor (219)
[2020.04.13-20.05.50:439][633]LogModuleManager: Shutting down and abandoning module VREditor (216)
[2020.04.13-20.05.50:439][633]LogModuleManager: Shutting down and abandoning module StringTableEditor (214)
[2020.04.13-20.05.50:439][633]LogModuleManager: Shutting down and abandoning module GameplayTasksEditor (212)
[2020.04.13-20.05.50:439][633]LogModuleManager: Shutting down and abandoning module BehaviorTreeEditor (210)
[2020.04.13-20.05.50:440][633]LogModuleManager: Shutting down and abandoning module FunctionalTesting (208)
[2020.04.13-20.05.50:440][633]LogModuleManager: Shutting down and abandoning module CollisionAnalyzer (206)
[2020.04.13-20.05.50:440][633]LogModuleManager: Shutting down and abandoning module WorkspaceMenuStructure (205)
[2020.04.13-20.05.50:440][633]LogModuleManager: Shutting down and abandoning module UMG (202)
[2020.04.13-20.05.50:440][633]LogModuleManager: Shutting down and abandoning module UMGEditor (201)
[2020.04.13-20.05.50:440][633]LogModuleManager: Shutting down and abandoning module Sequencer (200)
[2020.04.13-20.05.50:440][633]LogModuleManager: Shutting down and abandoning module MessageLog (197)
[2020.04.13-20.05.50:440][633]LogModuleManager: Shutting down and abandoning module SlateReflector (192)
[2020.04.13-20.05.50:440][633]LogModuleManager: Shutting down and abandoning module Slate (190)
[2020.04.13-20.05.50:440][633]LogModuleManager: Shutting down and abandoning module EditorStyle (188)
[2020.04.13-20.05.50:443][633]LogModuleManager: Shutting down and abandoning module UnrealEd (186)
[2020.04.13-20.05.50:443][633]LogModuleManager: Shutting down and abandoning module MRMesh (184)
[2020.04.13-20.05.50:443][633]LogModuleManager: Shutting down and abandoning module SourceCodeAccess (182)
[2020.04.13-20.05.50:443][633]LogModuleManager: Shutting down and abandoning module HeadMountedDisplay (180)
[2020.04.13-20.05.50:443][633]LogModuleManager: Shutting down and abandoning module XAudio2 (178)
[2020.04.13-20.05.50:443][633]LogModuleManager: Shutting down and abandoning module Networking (176)
[2020.04.13-20.05.50:443][633]LogModuleManager: Shutting down and abandoning module Core (174)
[2020.04.13-20.05.50:443][633]LogModuleManager: Shutting down and abandoning module KismetCompiler (172)
[2020.04.13-20.05.50:443][633]LogModuleManager: Shutting down and abandoning module MeshUtilities (170)
[2020.04.13-20.05.50:443][633]LogModuleManager: Shutting down and abandoning module MeshMergeUtilities (169)
[2020.04.13-20.05.50:443][633]LogModuleManager: Shutting down and abandoning module MeshReductionInterface (168)
[2020.04.13-20.05.50:443][633]LogModuleManager: Shutting down and abandoning module SkeletalMeshReduction (167)
[2020.04.13-20.05.50:443][633]LogModuleManager: Shutting down and abandoning module ProxyLODMeshReduction (165)
[2020.04.13-20.05.50:443][633]LogModuleManager: Shutting down and abandoning module QuadricMeshReduction (163)
[2020.04.13-20.05.50:443][633]LogModuleManager: Shutting down and abandoning module MaterialBaking (159)
[2020.04.13-20.05.50:443][633]LogModuleManager: Shutting down and abandoning module DerivedDataCache (154)
[2020.04.13-20.05.50:503][633]LogDerivedDataCache: Shutdown
[2020.04.13-20.05.50:503][633]LogModuleManager: Shutting down and abandoning module XGEController (152)
[2020.04.13-20.05.50:503][633]LogModuleManager: Shutting down and abandoning module TargetPlatform (150)
[2020.04.13-20.05.50:503][633]LogModuleManager: Shutting down and abandoning module VulkanShaderFormat (149)
[2020.04.13-20.05.50:503][633]LogModuleManager: Shutting down and abandoning module ShaderFormatVectorVM (147)
[2020.04.13-20.05.50:503][633]LogModuleManager: Shutting down and abandoning module ShaderFormatOpenGL (145)
[2020.04.13-20.05.50:503][633]LogModuleManager: Shutting down and abandoning module ShaderFormatD3D (143)
[2020.04.13-20.05.50:503][633]LogModuleManager: Shutting down and abandoning module MetalShaderFormat (141)
[2020.04.13-20.05.50:503][633]LogModuleManager: Shutting down and abandoning module TextureFormatUncompressed (139)
[2020.04.13-20.05.50:503][633]LogModuleManager: Shutting down and abandoning module TextureFormatPVR (137)
[2020.04.13-20.05.50:503][633]LogModuleManager: Shutting down and abandoning module TextureFormatDXT (135)
[2020.04.13-20.05.50:503][633]LogModuleManager: Shutting down and abandoning module TextureFormatIntelISPCTexComp (133)
[2020.04.13-20.05.50:503][633]LogModuleManager: Shutting down and abandoning module TextureFormatASTC (131)
[2020.04.13-20.05.50:503][633]LogModuleManager: Shutting down and abandoning module ImageWrapper (130)
[2020.04.13-20.05.50:503][633]LogModuleManager: Shutting down and abandoning module TextureFormatAndroid (127)
[2020.04.13-20.05.50:503][633]LogModuleManager: Shutting down and abandoning module AudioFormatOpus (125)
[2020.04.13-20.05.50:503][633]LogModuleManager: Shutting down and abandoning module AudioFormatOgg (123)
[2020.04.13-20.05.50:504][633]LogModuleManager: Shutting down and abandoning module AudioFormatADPCM (121)
[2020.04.13-20.05.50:504][633]LogModuleManager: Shutting down and abandoning module LuminTargetPlatform (119)
[2020.04.13-20.05.50:504][633]LogModuleManager: Shutting down and abandoning module LinuxTargetPlatform (117)
[2020.04.13-20.05.50:504][633]LogModuleManager: Shutting down and abandoning module LinuxServerTargetPlatform (115)
[2020.04.13-20.05.50:504][633]LogModuleManager: Shutting down and abandoning module LinuxNoEditorTargetPlatform (113)
[2020.04.13-20.05.50:504][633]LogModuleManager: Shutting down and abandoning module LinuxClientTargetPlatform (111)
[2020.04.13-20.05.50:504][633]LogModuleManager: Shutting down and abandoning module TVOSTargetPlatform (109)
[2020.04.13-20.05.50:505][633]LogModuleManager: Shutting down and abandoning module Messaging (107)
[2020.04.13-20.05.50:505][633]LogModuleManager: Shutting down and abandoning module IOSTargetPlatform (105)
[2020.04.13-20.05.50:506][633]LogModuleManager: Shutting down and abandoning module HTML5TargetPlatform (103)
[2020.04.13-20.05.50:506][633]LogModuleManager: Shutting down and abandoning module AndroidTargetPlatform (101)
[2020.04.13-20.05.50:513][633]LogModuleManager: Shutting down and abandoning module WindowsTargetPlatform (99)
[2020.04.13-20.05.50:513][633]LogModuleManager: Shutting down and abandoning module WindowsServerTargetPlatform (97)
[2020.04.13-20.05.50:514][633]LogModuleManager: Shutting down and abandoning module WindowsNoEditorTargetPlatform (95)
[2020.04.13-20.05.50:514][633]LogModuleManager: Shutting down and abandoning module WindowsClientTargetPlatform (93)
[2020.04.13-20.05.50:514][633]LogModuleManager: Shutting down and abandoning module MacTargetPlatform (91)
[2020.04.13-20.05.50:514][633]LogModuleManager: Shutting down and abandoning module MacServerTargetPlatform (89)
[2020.04.13-20.05.50:514][633]LogModuleManager: Shutting down and abandoning module MacNoEditorTargetPlatform (87)
[2020.04.13-20.05.50:514][633]LogModuleManager: Shutting down and abandoning module MacClientTargetPlatform (85)
[2020.04.13-20.05.50:514][633]LogModuleManager: Shutting down and abandoning module AllDesktopTargetPlatform (83)
[2020.04.13-20.05.50:514][633]LogModuleManager: Shutting down and abandoning module InputCore (80)
[2020.04.13-20.05.50:514][633]LogModuleManager: Shutting down and abandoning module Settings (78)
[2020.04.13-20.05.50:514][633]LogModuleManager: Shutting down and abandoning module DirectoryWatcher (76)
[2020.04.13-20.05.50:514][633]LogModuleManager: Shutting down and abandoning module PhysXCooking (74)
[2020.04.13-20.05.50:514][633]LogModuleManager: Shutting down and abandoning module SteamVR (72)
[2020.04.13-20.05.50:514][633]LogHMD: Freeing OpenVRDLLHandle.
[2020.04.13-20.05.50:514][633]LogModuleManager: Shutting down and abandoning module OculusHMD (70)
[2020.04.13-20.05.50:514][633]LogModuleManager: Shutting down and abandoning module ExampleDeviceProfileSelector (68)
[2020.04.13-20.05.50:514][633]LogModuleManager: Shutting down and abandoning module LauncherChunkInstaller (66)
[2020.04.13-20.05.50:514][633]LogModuleManager: Shutting down and abandoning module OnlineBlueprintSupport (64)
[2020.04.13-20.05.50:514][633]LogModuleManager: Shutting down and abandoning module OnlineSubsystem (60)
[2020.04.13-20.05.50:515][633]LogModuleManager: Shutting down and abandoning module XMPP (55)
[2020.04.13-20.05.50:515][633]LogModuleManager: Shutting down and abandoning module WebSockets (54)
[2020.04.13-20.05.50:541][633]LogModuleManager: Shutting down and abandoning module HTTP (51)
[2020.04.13-20.05.50:541][633]LogHttp: Display: Http module shutting down, but needs to wait on 1 outstanding Http requests:
[2020.04.13-20.05.50:541][633]LogHttp: Display: 	verb=[POST] url=[https://datarouter.ol.epicgames.com/datarouter/api/v1/public/data?SessionID=%7BB14B409B-4A37-5ED8-02FB-8D86776F469F%7D&AppID=UEEditor.Rocket.Release&AppVersion=4.22.3-7053642%2B%2B%2BUE4%2BRelease-4.22&UserID=7c1e00404af46ae006fee88eef1f604a%7Cd3037b3a2e2941c88254b6e97198393f%7C1cdc94fd-ac9b-426f-82a3-e0a17c5ebff6&AppEnvironment=datacollector-binary&UploadType=eteventstream] status=Processing
[2020.04.13-20.05.50:556][633]LogModuleManager: Shutting down and abandoning module SSL (50)
[2020.04.13-20.05.50:558][633]LogModuleManager: Shutting down and abandoning module WmfMedia (46)
[2020.04.13-20.05.50:560][633]LogModuleManager: Shutting down and abandoning module Media (45)
[2020.04.13-20.05.50:566][633]LogModuleManager: Shutting down and abandoning module MagicLeap (42)
[2020.04.13-20.05.50:566][633]LogModuleManager: Shutting down and abandoning module DatasmithContent (40)
[2020.04.13-20.05.50:568][633]LogModuleManager: Shutting down and abandoning module AnimationModifiers (38)
[2020.04.13-20.05.50:568][633]LogModuleManager: Shutting down and abandoning module PropertyEditor (37)
[2020.04.13-20.05.50:568][633]LogModuleManager: Shutting down and abandoning module AudioEditor (34)
[2020.04.13-20.05.50:569][633]LogModuleManager: Shutting down and abandoning module TextureCompressor (32)
[2020.04.13-20.05.50:569][633]LogModuleManager: Shutting down and abandoning module RenderCore (30)
[2020.04.13-20.05.50:569][633]LogModuleManager: Shutting down and abandoning module Landscape (28)
[2020.04.13-20.05.50:569][633]LogModuleManager: Shutting down and abandoning module SlateRHIRenderer (26)
[2020.04.13-20.05.50:569][633]LogModuleManager: Shutting down and abandoning module OpenGLDrv (24)
[2020.04.13-20.05.50:569][633]LogModuleManager: Shutting down and abandoning module D3D11RHI (22)
[2020.04.13-20.05.50:569][633]LogModuleManager: Shutting down and abandoning module AnimGraphRuntime (20)
[2020.04.13-20.05.50:569][633]LogModuleManager: Shutting down and abandoning module Renderer (18)
[2020.04.13-20.05.50:569][633]LogModuleManager: Shutting down and abandoning module Engine (16)
[2020.04.13-20.05.50:569][633]LogModuleManager: Shutting down and abandoning module CoreUObject (14)
[2020.04.13-20.05.50:569][633]LogModuleManager: Shutting down and abandoning module NetworkFile (12)
[2020.04.13-20.05.50:569][633]LogModuleManager: Shutting down and abandoning module CookedIterativeFile (10)
[2020.04.13-20.05.50:569][633]LogModuleManager: Shutting down and abandoning module StreamingFile (8)
[2020.04.13-20.05.50:569][633]LogModuleManager: Shutting down and abandoning module SandboxFile (6)
[2020.04.13-20.05.50:569][633]LogModuleManager: Shutting down and abandoning module PakFile (4)
[2020.04.13-20.05.50:569][633]LogModuleManager: Shutting down and abandoning module RSA (3)
[2020.04.13-20.05.50:578][633]LogExit: Exiting.
[2020.04.13-20.05.50:590][633]Log file closed, 04/13/20 16:05:50
